<?xml version="1.0" encoding="UTF-8" standalone="yes"?>
<testsuites name="IngresarOpcionConEspecialistas" time="73" tests="5" failures="1" errors="0">
    <testsuite name="IngresarOpcionConEspecialistas" tests="5" failures="1" errors="0" time="73" timestamp="2019-10-15 15:36:05" hostname="Dzapatal - p-dzapatal.intergrupo.com" id="Test Suites/Modulo5_ Servicio Al Cliente/IngresarOpcionConEspecialistas">
        <properties>
            <property name="deviceName" value=""/>
            <property name="devicePlatform" value=""/>
            <property name="logFolder" value="C:\\Users\\dzapatal\\git\\PortalClientes_Web\\Reports\\20191015_153602\\Modulo5_ Servicio Al Cliente\\IngresarOpcionConEspecialistas\\20191015_153602"/>
            <property name="logFiles" value="C:\\Users\\dzapatal\\git\\PortalClientes_Web\\Reports\\20191015_153602\\Modulo5_ Servicio Al Cliente\\IngresarOpcionConEspecialistas\\20191015_153602\\execution0.log"/>
            <property name="attachments" value=""/>
            <property name="hostName" value="Dzapatal - p-dzapatal.intergrupo.com"/>
            <property name="os" value="Windows 10 32bit"/>
            <property name="katalonVersion" value="6.3.0.1"/>
            <property name="browser" value="Chrome 77.0.3865.120"/>
            <property name="hostAddress" value="10.60.7.157"/>
            <property name="sessionId" value="41f0291a76615a5ebc37f4408ca03305"/>
            <property name="seleniumVersion" value="3.141.59"/>
            <property name="proxyInformation" value="ProxyInformation{proxyOption=NO_PROXY, proxyServerType=HTTP, password=, proxyServerAddress=, proxyServerPort=0}"/>
            <property name="platform" value="Windows 10"/>
        </properties>
        <testcase name="Test Cases/Abrir Navegador/AbrirNavegador" classname="Test Cases/Abrir Navegador/AbrirNavegador" status="PASSED">
            <system-out>2019-10-15 15:36:05 - [TEST_CASE][PASSED] - Test Cases/Abrir Navegador/AbrirNavegador: Test Cases/Abrir Navegador/AbrirNavegador&#xD;
&#xD;
2019-10-15 15:36:05 - [TEST_STEP][PASSED] - openBrowser(""): Browser is opened with url: ''&#xD;
&#xD;
2019-10-15 15:36:06 - [MESSAGE][INFO] - Starting 'Chrome' driver&#xD;
&#xD;
2019-10-15 15:36:06 - [MESSAGE][INFO] - Action delay is set to 1 seconds&#xD;
&#xD;
2019-10-15 15:36:12 - [MESSAGE][PASSED] - Browser is opened with url: ''&#xD;
&#xD;
2019-10-15 15:36:12 - [TEST_STEP][PASSED] - maximizeWindow(): Current window maximized&#xD;
&#xD;
2019-10-15 15:36:14 - [MESSAGE][PASSED] - Current window maximized&#xD;
&#xD;
2019-10-15 15:36:14 - [TEST_STEP][PASSED] - navigateToUrl("https://test-portalclientesyventas-co.azurewebsites.net/login"): Navigate to 'https://test-portalclientesyventas-co.azurewebsites.net/login' successfully&#xD;
&#xD;
2019-10-15 15:36:19 - [MESSAGE][PASSED] - Navigate to 'https://test-portalclientesyventas-co.azurewebsites.net/login' successfully</system-out>
            <system-err></system-err>
        </testcase>
        <testcase name="Test Cases/Iniciar Sesion/IngresarInformacion" classname="Test Cases/Iniciar Sesion/IngresarInformacion" status="PASSED">
            <system-out>2019-10-15 15:36:19 - [TEST_CASE][PASSED] - Test Cases/Iniciar Sesion/IngresarInformacion: Test Cases/Iniciar Sesion/IngresarInformacion&#xD;
&#xD;
2019-10-15 15:36:20 - [TEST_STEP][PASSED] - navigateToUrl("https://test-portalclientesyventas-co.azurewebsites.net/login"): Navigate to 'https://test-portalclientesyventas-co.azurewebsites.net/login' successfully&#xD;
&#xD;
2019-10-15 15:36:21 - [MESSAGE][PASSED] - Navigate to 'https://test-portalclientesyventas-co.azurewebsites.net/login' successfully&#xD;
&#xD;
2019-10-15 15:36:21 - [TEST_STEP][PASSED] - setText(findTestObject("Object Repository/IniciarSesion/input_Correo electrnico_email"), "usuarioprueba1@yopmail.com"): Text 'usuarioprueba1@yopmail.com' is set on object 'Object Repository/IniciarSesion/input_Correo electrnico_email'&#xD;
&#xD;
2019-10-15 15:36:25 - [MESSAGE][PASSED] - Text 'usuarioprueba1@yopmail.com' is set on object 'Object Repository/IniciarSesion/input_Correo electrnico_email'&#xD;
&#xD;
2019-10-15 15:36:25 - [TEST_STEP][PASSED] - setEncryptedText(findTestObject("Object Repository/IniciarSesion/input_Contrasea_password"), "zpitzbFj1P6iY2h+x2z5qA=="): Text ****** has been set on object 'Object Repository/IniciarSesion/input_Contrasea_password'&#xD;
&#xD;
2019-10-15 15:36:28 - [MESSAGE][PASSED] - Text ****** has been set on object 'Object Repository/IniciarSesion/input_Contrasea_password'</system-out>
            <system-err></system-err>
        </testcase>
        <testcase name="Test Cases/Iniciar Sesion/SeleccionarBoton_Ingresar" classname="Test Cases/Iniciar Sesion/SeleccionarBoton_Ingresar" status="PASSED">
            <system-out>2019-10-15 15:36:28 - [TEST_CASE][PASSED] - Test Cases/Iniciar Sesion/SeleccionarBoton_Ingresar: Test Cases/Iniciar Sesion/SeleccionarBoton_Ingresar&#xD;
&#xD;
2019-10-15 15:36:29 - [TEST_STEP][PASSED] - click(findTestObject("IniciarSesion/button_INGRESAR")): Object: 'Object Repository/IniciarSesion/button_INGRESAR' is clicked on&#xD;
&#xD;
2019-10-15 15:36:31 - [MESSAGE][PASSED] - Object: 'Object Repository/IniciarSesion/button_INGRESAR' is clicked on&#xD;
&#xD;
2019-10-15 15:36:31 - [TEST_STEP][PASSED] - delay(25): Delayed 25 second(s)&#xD;
&#xD;
2019-10-15 15:36:56 - [MESSAGE][PASSED] - Delayed 25 second(s)</system-out>
            <system-err></system-err>
        </testcase>
        <testcase name="Test Cases/Servicio Al Cliente/SeleccionarOpcionServicioAlCliente" classname="Test Cases/Servicio Al Cliente/SeleccionarOpcionServicioAlCliente" status="PASSED">
            <system-out>2019-10-15 15:36:56 - [TEST_CASE][PASSED] - Test Cases/Servicio Al Cliente/SeleccionarOpcionServicioAlCliente: Test Cases/Servicio Al Cliente/SeleccionarOpcionServicioAlCliente&#xD;
&#xD;
2019-10-15 15:36:56 - [TEST_STEP][PASSED] - click(findTestObject("Object Repository/Servicio Al Cliente/a_Servicio al Cliente")): Object: 'Object Repository/Servicio Al Cliente/a_Servicio al Cliente' is clicked on&#xD;
&#xD;
2019-10-15 15:36:58 - [MESSAGE][PASSED] - Object: 'Object Repository/Servicio Al Cliente/a_Servicio al Cliente' is clicked on</system-out>
            <system-err></system-err>
        </testcase>
        <testcase name="Test Cases/Servicio Al Cliente/PreguntasFrecuentes/SeleccionarPreguntasFrecuentes" classname="Test Cases/Servicio Al Cliente/PreguntasFrecuentes/SeleccionarPreguntasFrecuentes" status="PASSED">
            <system-out>2019-10-15 15:36:58 - [TEST_CASE][PASSED] - Test Cases/Servicio Al Cliente/PreguntasFrecuentes/SeleccionarPreguntasFrecuentes: Test Cases/Servicio Al Cliente/PreguntasFrecuentes/SeleccionarPreguntasFrecuentes&#xD;
&#xD;
2019-10-15 15:36:59 - [TEST_STEP][PASSED] - click(findTestObject("Object Repository/Servicio Al Cliente/a_Preguntas frecuentes")): Object: 'Object Repository/Servicio Al Cliente/a_Preguntas frecuentes' is clicked on&#xD;
&#xD;
2019-10-15 15:37:01 - [MESSAGE][PASSED] - Object: 'Object Repository/Servicio Al Cliente/a_Preguntas frecuentes' is clicked on</system-out>
            <system-err></system-err>
        </testcase>
        <testcase name="Test Cases/Servicio Al Cliente/PreguntasFrecuentes/SeleccionarOpcionCitasConEspecialistas" classname="Test Cases/Servicio Al Cliente/PreguntasFrecuentes/SeleccionarOpcionCitasConEspecialistas" status="FAILED">
            <failure type="FAILED" message="Test Cases/Servicio Al Cliente/PreguntasFrecuentes/SeleccionarOpcionCitasConEspecialistas FAILED.&#xA;Reason:&#xA;com.kms.katalon.core.exception.StepFailedException: Actual object 'Citas con especialistas' and expected object 'Citas con especialist' are not equal&#xD;&#xA;&#x9;at com.kms.katalon.core.keyword.builtin.VerifyEqualKeyword$_verifyEqual_closure1.doCall(VerifyEqualKeyword.groovy:58)&#xD;&#xA;&#x9;at com.kms.katalon.core.keyword.builtin.VerifyEqualKeyword$_verifyEqual_closure1.call(VerifyEqualKeyword.groovy)&#xD;&#xA;&#x9;at com.kms.katalon.core.keyword.internal.KeywordMain.runKeyword(KeywordMain.groovy:68)&#xD;&#xA;&#x9;at com.kms.katalon.core.keyword.builtin.VerifyEqualKeyword.verifyEqual(VerifyEqualKeyword.groovy:63)&#xD;&#xA;&#x9;at com.kms.katalon.core.keyword.builtin.VerifyEqualKeyword.execute(VerifyEqualKeyword.groovy:44)&#xD;&#xA;&#x9;at com.kms.katalon.core.keyword.internal.KeywordExecutor.executeKeywordForPlatform(KeywordExecutor.groovy:56)&#xD;&#xA;&#x9;at com.kms.katalon.core.keyword.BuiltinKeywords.verifyEqual(BuiltinKeywords.groovy:141)&#xD;&#xA;&#x9;at SeleccionarOpcionCitasConEspecialistas.run(SeleccionarOpcionCitasConEspecialistas:27)&#xD;&#xA;&#x9;at com.kms.katalon.core.main.ScriptEngine.run(ScriptEngine.java:194)&#xD;&#xA;&#x9;at com.kms.katalon.core.main.ScriptEngine.runScriptAsRawText(ScriptEngine.java:119)&#xD;&#xA;&#x9;at com.kms.katalon.core.main.TestCaseExecutor.runScript(TestCaseExecutor.java:337)&#xD;&#xA;&#x9;at com.kms.katalon.core.main.TestCaseExecutor.doExecute(TestCaseExecutor.java:328)&#xD;&#xA;&#x9;at com.kms.katalon.core.main.TestCaseExecutor.processExecutionPhase(TestCaseExecutor.java:307)&#xD;&#xA;&#x9;at com.kms.katalon.core.main.TestCaseExecutor.accessMainPhase(TestCaseExecutor.java:299)&#xD;&#xA;&#x9;at com.kms.katalon.core.main.TestCaseExecutor.execute(TestCaseExecutor.java:233)&#xD;&#xA;&#x9;at com.kms.katalon.core.main.TestSuiteExecutor.accessTestCaseMainPhase(TestSuiteExecutor.java:150)&#xD;&#xA;&#x9;at com.kms.katalon.core.main.TestSuiteExecutor.accessTestSuiteMainPhase(TestSuiteExecutor.java:123)&#xD;&#xA;&#x9;at com.kms.katalon.core.main.TestSuiteExecutor.execute(TestSuiteExecutor.java:87)&#xD;&#xA;&#x9;at com.kms.katalon.core.main.TestCaseMain.startTestSuite(TestCaseMain.java:157)&#xD;&#xA;&#x9;at com.kms.katalon.core.main.TestCaseMain$startTestSuite$0.call(Unknown Source)&#xD;&#xA;&#x9;at TempTestSuite1571171762927.run(TempTestSuite1571171762927.groovy:35)&#xD;&#xA;"/>
            <system-out>2019-10-15 15:37:01 - [TEST_CASE][FAILED] - Test Cases/Servicio Al Cliente/PreguntasFrecuentes/SeleccionarOpcionCitasConEspecialistas: Test Cases/Servicio Al Cliente/PreguntasFrecuentes/SeleccionarOpcionCitasConEspecialistas FAILED.
Reason:
com.kms.katalon.core.exception.StepFailedException: Actual object 'Citas con especialistas' and expected object 'Citas con especialist' are not equal&#xD;
	at com.kms.katalon.core.keyword.builtin.VerifyEqualKeyword$_verifyEqual_closure1.doCall(VerifyEqualKeyword.groovy:58)&#xD;
	at com.kms.katalon.core.keyword.builtin.VerifyEqualKeyword$_verifyEqual_closure1.call(VerifyEqualKeyword.groovy)&#xD;
	at com.kms.katalon.core.keyword.internal.KeywordMain.runKeyword(KeywordMain.groovy:68)&#xD;
	at com.kms.katalon.core.keyword.builtin.VerifyEqualKeyword.verifyEqual(VerifyEqualKeyword.groovy:63)&#xD;
	at com.kms.katalon.core.keyword.builtin.VerifyEqualKeyword.execute(VerifyEqualKeyword.groovy:44)&#xD;
	at com.kms.katalon.core.keyword.internal.KeywordExecutor.executeKeywordForPlatform(KeywordExecutor.groovy:56)&#xD;
	at com.kms.katalon.core.keyword.BuiltinKeywords.verifyEqual(BuiltinKeywords.groovy:141)&#xD;
	at SeleccionarOpcionCitasConEspecialistas.run(SeleccionarOpcionCitasConEspecialistas:27)&#xD;
	at com.kms.katalon.core.main.ScriptEngine.run(ScriptEngine.java:194)&#xD;
	at com.kms.katalon.core.main.ScriptEngine.runScriptAsRawText(ScriptEngine.java:119)&#xD;
	at com.kms.katalon.core.main.TestCaseExecutor.runScript(TestCaseExecutor.java:337)&#xD;
	at com.kms.katalon.core.main.TestCaseExecutor.doExecute(TestCaseExecutor.java:328)&#xD;
	at com.kms.katalon.core.main.TestCaseExecutor.processExecutionPhase(TestCaseExecutor.java:307)&#xD;
	at com.kms.katalon.core.main.TestCaseExecutor.accessMainPhase(TestCaseExecutor.java:299)&#xD;
	at com.kms.katalon.core.main.TestCaseExecutor.execute(TestCaseExecutor.java:233)&#xD;
	at com.kms.katalon.core.main.TestSuiteExecutor.accessTestCaseMainPhase(TestSuiteExecutor.java:150)&#xD;
	at com.kms.katalon.core.main.TestSuiteExecutor.accessTestSuiteMainPhase(TestSuiteExecutor.java:123)&#xD;
	at com.kms.katalon.core.main.TestSuiteExecutor.execute(TestSuiteExecutor.java:87)&#xD;
	at com.kms.katalon.core.main.TestCaseMain.startTestSuite(TestCaseMain.java:157)&#xD;
	at com.kms.katalon.core.main.TestCaseMain$startTestSuite$0.call(Unknown Source)&#xD;
	at TempTestSuite1571171762927.run(TempTestSuite1571171762927.groovy:35)&#xD;
&#xD;
&#xD;
2019-10-15 15:37:01 - [TEST_STEP][PASSED] - click(findTestObject("Object Repository/Servicio Al Cliente/a_Citas con especialistas")): Object: 'Object Repository/Servicio Al Cliente/a_Citas con especialistas' is clicked on&#xD;
&#xD;
2019-10-15 15:37:04 - [MESSAGE][PASSED] - Object: 'Object Repository/Servicio Al Cliente/a_Citas con especialistas' is clicked on&#xD;
&#xD;
2019-10-15 15:37:04 - [TEST_STEP][PASSED] - delay(10): Delayed 10 second(s)&#xD;
&#xD;
2019-10-15 15:37:14 - [MESSAGE][PASSED] - Delayed 10 second(s)&#xD;
&#xD;
2019-10-15 15:37:14 - [TEST_STEP][PASSED] - click(findTestObject("Object Repository/Servicio Al Cliente/h3_Citas con especialistas")): Object: 'Object Repository/Servicio Al Cliente/h3_Citas con especialistas' is clicked on&#xD;
&#xD;
2019-10-15 15:37:16 - [MESSAGE][PASSED] - Object: 'Object Repository/Servicio Al Cliente/h3_Citas con especialistas' is clicked on&#xD;
&#xD;
2019-10-15 15:37:16 - [TEST_STEP][PASSED] - result = getText(findTestObject("Object Repository/Servicio Al Cliente/h3_Citas con especialistas")): Text of object 'Object Repository/Servicio Al Cliente/h3_Citas con especialistas' is: 'Citas con especialistas'&#xD;
&#xD;
2019-10-15 15:37:18 - [MESSAGE][PASSED] - Text of object 'Object Repository/Servicio Al Cliente/h3_Citas con especialistas' is: 'Citas con especialistas'&#xD;
&#xD;
2019-10-15 15:37:18 - [TEST_STEP][PASSED] - out.println(result): null&#xD;
&#xD;
2019-10-15 15:37:18 - [TEST_STEP][FAILED] - verifyEqual(result, "Citas con especialist"): Unable to verify equal between actual object 'Citas con especialistas' and expected object 'Citas con especialist' (Root cause: com.kms.katalon.core.exception.StepFailedException: Actual object 'Citas con especialistas' and expected object 'Citas con especialist' are not equal&#xD;
	at com.kms.katalon.core.keyword.builtin.VerifyEqualKeyword$_verifyEqual_closure1.doCall(VerifyEqualKeyword.groovy:58)&#xD;
	at com.kms.katalon.core.keyword.builtin.VerifyEqualKeyword$_verifyEqual_closure1.call(VerifyEqualKeyword.groovy)&#xD;
	at com.kms.katalon.core.keyword.internal.KeywordMain.runKeyword(KeywordMain.groovy:68)&#xD;
	at com.kms.katalon.core.keyword.builtin.VerifyEqualKeyword.verifyEqual(VerifyEqualKeyword.groovy:63)&#xD;
	at com.kms.katalon.core.keyword.builtin.VerifyEqualKeyword.execute(VerifyEqualKeyword.groovy:44)&#xD;
	at com.kms.katalon.core.keyword.internal.KeywordExecutor.executeKeywordForPlatform(KeywordExecutor.groovy:56)&#xD;
	at com.kms.katalon.core.keyword.BuiltinKeywords.verifyEqual(BuiltinKeywords.groovy:141)&#xD;
	at SeleccionarOpcionCitasConEspecialistas.run(SeleccionarOpcionCitasConEspecialistas:27)&#xD;
	at com.kms.katalon.core.main.ScriptEngine.run(ScriptEngine.java:194)&#xD;
	at com.kms.katalon.core.main.ScriptEngine.runScriptAsRawText(ScriptEngine.java:119)&#xD;
	at com.kms.katalon.core.main.TestCaseExecutor.runScript(TestCaseExecutor.java:337)&#xD;
	at com.kms.katalon.core.main.TestCaseExecutor.doExecute(TestCaseExecutor.java:328)&#xD;
	at com.kms.katalon.core.main.TestCaseExecutor.processExecutionPhase(TestCaseExecutor.java:307)&#xD;
	at com.kms.katalon.core.main.TestCaseExecutor.accessMainPhase(TestCaseExecutor.java:299)&#xD;
	at com.kms.katalon.core.main.TestCaseExecutor.execute(TestCaseExecutor.java:233)&#xD;
	at com.kms.katalon.core.main.TestSuiteExecutor.accessTestCaseMainPhase(TestSuiteExecutor.java:150)&#xD;
	at com.kms.katalon.core.main.TestSuiteExecutor.accessTestSuiteMainPhase(TestSuiteExecutor.java:123)&#xD;
	at com.kms.katalon.core.main.TestSuiteExecutor.execute(TestSuiteExecutor.java:87)&#xD;
	at com.kms.katalon.core.main.TestCaseMain.startTestSuite(TestCaseMain.java:157)&#xD;
	at com.kms.katalon.core.main.TestCaseMain$startTestSuite$0.call(Unknown Source)&#xD;
	at TempTestSuite1571171762927.run(TempTestSuite1571171762927.groovy:35)&#xD;
)&#xD;
&#xD;
2019-10-15 15:37:18 - [MESSAGE][FAILED] - Unable to verify equal between actual object 'Citas con especialistas' and expected object 'Citas con especialist' (Root cause: com.kms.katalon.core.exception.StepFailedException: Actual object 'Citas con especialistas' and expected object 'Citas con especialist' are not equal&#xD;
	at com.kms.katalon.core.keyword.builtin.VerifyEqualKeyword$_verifyEqual_closure1.doCall(VerifyEqualKeyword.groovy:58)&#xD;
	at com.kms.katalon.core.keyword.builtin.VerifyEqualKeyword$_verifyEqual_closure1.call(VerifyEqualKeyword.groovy)&#xD;
	at com.kms.katalon.core.keyword.internal.KeywordMain.runKeyword(KeywordMain.groovy:68)&#xD;
	at com.kms.katalon.core.keyword.builtin.VerifyEqualKeyword.verifyEqual(VerifyEqualKeyword.groovy:63)&#xD;
	at com.kms.katalon.core.keyword.builtin.VerifyEqualKeyword.execute(VerifyEqualKeyword.groovy:44)&#xD;
	at com.kms.katalon.core.keyword.internal.KeywordExecutor.executeKeywordForPlatform(KeywordExecutor.groovy:56)&#xD;
	at com.kms.katalon.core.keyword.BuiltinKeywords.verifyEqual(BuiltinKeywords.groovy:141)&#xD;
	at SeleccionarOpcionCitasConEspecialistas.run(SeleccionarOpcionCitasConEspecialistas:27)&#xD;
	at com.kms.katalon.core.main.ScriptEngine.run(ScriptEngine.java:194)&#xD;
	at com.kms.katalon.core.main.ScriptEngine.runScriptAsRawText(ScriptEngine.java:119)&#xD;
	at com.kms.katalon.core.main.TestCaseExecutor.runScript(TestCaseExecutor.java:337)&#xD;
	at com.kms.katalon.core.main.TestCaseExecutor.doExecute(TestCaseExecutor.java:328)&#xD;
	at com.kms.katalon.core.main.TestCaseExecutor.processExecutionPhase(TestCaseExecutor.java:307)&#xD;
	at com.kms.katalon.core.main.TestCaseExecutor.accessMainPhase(TestCaseExecutor.java:299)&#xD;
	at com.kms.katalon.core.main.TestCaseExecutor.execute(TestCaseExecutor.java:233)&#xD;
	at com.kms.katalon.core.main.TestSuiteExecutor.accessTestCaseMainPhase(TestSuiteExecutor.java:150)&#xD;
	at com.kms.katalon.core.main.TestSuiteExecutor.accessTestSuiteMainPhase(TestSuiteExecutor.java:123)&#xD;
	at com.kms.katalon.core.main.TestSuiteExecutor.execute(TestSuiteExecutor.java:87)&#xD;
	at com.kms.katalon.core.main.TestCaseMain.startTestSuite(TestCaseMain.java:157)&#xD;
	at com.kms.katalon.core.main.TestCaseMain$startTestSuite$0.call(Unknown Source)&#xD;
	at TempTestSuite1571171762927.run(TempTestSuite1571171762927.groovy:35)&#xD;
)</system-out>
            <system-err>2019-10-15 15:37:01 - [TEST_CASE][FAILED] - Test Cases/Servicio Al Cliente/PreguntasFrecuentes/SeleccionarOpcionCitasConEspecialistas: Test Cases/Servicio Al Cliente/PreguntasFrecuentes/SeleccionarOpcionCitasConEspecialistas FAILED.
Reason:
com.kms.katalon.core.exception.StepFailedException: Actual object 'Citas con especialistas' and expected object 'Citas con especialist' are not equal&#xD;
	at com.kms.katalon.core.keyword.builtin.VerifyEqualKeyword$_verifyEqual_closure1.doCall(VerifyEqualKeyword.groovy:58)&#xD;
	at com.kms.katalon.core.keyword.builtin.VerifyEqualKeyword$_verifyEqual_closure1.call(VerifyEqualKeyword.groovy)&#xD;
	at com.kms.katalon.core.keyword.internal.KeywordMain.runKeyword(KeywordMain.groovy:68)&#xD;
	at com.kms.katalon.core.keyword.builtin.VerifyEqualKeyword.verifyEqual(VerifyEqualKeyword.groovy:63)&#xD;
	at com.kms.katalon.core.keyword.builtin.VerifyEqualKeyword.execute(VerifyEqualKeyword.groovy:44)&#xD;
	at com.kms.katalon.core.keyword.internal.KeywordExecutor.executeKeywordForPlatform(KeywordExecutor.groovy:56)&#xD;
	at com.kms.katalon.core.keyword.BuiltinKeywords.verifyEqual(BuiltinKeywords.groovy:141)&#xD;
	at SeleccionarOpcionCitasConEspecialistas.run(SeleccionarOpcionCitasConEspecialistas:27)&#xD;
	at com.kms.katalon.core.main.ScriptEngine.run(ScriptEngine.java:194)&#xD;
	at com.kms.katalon.core.main.ScriptEngine.runScriptAsRawText(ScriptEngine.java:119)&#xD;
	at com.kms.katalon.core.main.TestCaseExecutor.runScript(TestCaseExecutor.java:337)&#xD;
	at com.kms.katalon.core.main.TestCaseExecutor.doExecute(TestCaseExecutor.java:328)&#xD;
	at com.kms.katalon.core.main.TestCaseExecutor.processExecutionPhase(TestCaseExecutor.java:307)&#xD;
	at com.kms.katalon.core.main.TestCaseExecutor.accessMainPhase(TestCaseExecutor.java:299)&#xD;
	at com.kms.katalon.core.main.TestCaseExecutor.execute(TestCaseExecutor.java:233)&#xD;
	at com.kms.katalon.core.main.TestSuiteExecutor.accessTestCaseMainPhase(TestSuiteExecutor.java:150)&#xD;
	at com.kms.katalon.core.main.TestSuiteExecutor.accessTestSuiteMainPhase(TestSuiteExecutor.java:123)&#xD;
	at com.kms.katalon.core.main.TestSuiteExecutor.execute(TestSuiteExecutor.java:87)&#xD;
	at com.kms.katalon.core.main.TestCaseMain.startTestSuite(TestCaseMain.java:157)&#xD;
	at com.kms.katalon.core.main.TestCaseMain$startTestSuite$0.call(Unknown Source)&#xD;
	at TempTestSuite1571171762927.run(TempTestSuite1571171762927.groovy:35)</system-err>
        </testcase>
        <system-out>2019-10-15 15:36:05 - [TEST_SUITE][INCOMPLETE] - IngresarOpcionConEspecialistas: null</system-out>
        <system-err>2019-10-15 15:36:05 - [TEST_SUITE][INCOMPLETE] - IngresarOpcionConEspecialistas: null</system-err>
    </testsuite>
</testsuites>
