<?xml version="1.0" encoding="UTF-8" standalone="yes"?>
<testsuites name="Cancelar_CambioContrasena" time="145" tests="6" failures="1" errors="0">
    <testsuite name="Cancelar_CambioContrasena" tests="6" failures="1" errors="0" time="145" timestamp="2019-10-08 16:25:16" hostname="Ltoroc - P-Ltoroc.intergrupo.com" id="Test Suites/Modulo1_Mi Cuenta/FlujoCompleto_ConfigurarCuenta/Cambio Contrasena/Cancelar_CambioContrasena">
        <properties>
            <property name="deviceName" value=""/>
            <property name="devicePlatform" value=""/>
            <property name="logFolder" value="E:\\TORO\\INTERGRUPO\\AUTOMATIZACION_PROYECTOS\\PROYECTOS\\EMI\\PortalClientes_Web\\Reports\\20191008_162508\\Modulo1_Mi Cuenta\\FlujoCompleto_ConfigurarCuenta\\Cambio Contrasena\\Cancelar_CambioContrasena\\20191008_162508"/>
            <property name="logFiles" value="E:\\TORO\\INTERGRUPO\\AUTOMATIZACION_PROYECTOS\\PROYECTOS\\EMI\\PortalClientes_Web\\Reports\\20191008_162508\\Modulo1_Mi Cuenta\\FlujoCompleto_ConfigurarCuenta\\Cambio Contrasena\\Cancelar_CambioContrasena\\20191008_162508\\execution0.log"/>
            <property name="attachments" value="E:\\TORO\\INTERGRUPO\\AUTOMATIZACION_PROYECTOS\\PROYECTOS\\EMI\\PortalClientes_Web\\Reports\\20191008_162508\\Modulo1_Mi Cuenta\\FlujoCompleto_ConfigurarCuenta\\Cambio Contrasena\\Cancelar_CambioContrasena\\20191008_162508\\1570570060425.png"/>
            <property name="hostName" value="Ltoroc - P-Ltoroc.intergrupo.com"/>
            <property name="os" value="Windows 10 32bit"/>
            <property name="katalonVersion" value="6.3.0.1"/>
            <property name="browser" value="Chrome 77.0.3865.90"/>
            <property name="hostAddress" value="192.168.0.14"/>
            <property name="sessionId" value="feb3820249112e53696f84c55a7a383e"/>
            <property name="seleniumVersion" value="3.141.59"/>
            <property name="proxyInformation" value="ProxyInformation{proxyOption=NO_PROXY, proxyServerType=HTTP, password=, proxyServerAddress=, proxyServerPort=0}"/>
            <property name="platform" value="Windows 10"/>
        </properties>
        <testcase name="Test Cases/Abrir Navegador/AbrirNavegador" classname="Test Cases/Abrir Navegador/AbrirNavegador" status="PASSED">
            <system-out>2019-10-08 16:25:16 - [TEST_CASE][PASSED] - Test Cases/Abrir Navegador/AbrirNavegador: Test Cases/Abrir Navegador/AbrirNavegador&#xD;
&#xD;
2019-10-08 16:25:17 - [TEST_STEP][PASSED] - openBrowser(""): Browser is opened with url: ''&#xD;
&#xD;
2019-10-08 16:25:17 - [MESSAGE][INFO] - Starting 'Chrome' driver&#xD;
&#xD;
2019-10-08 16:25:17 - [MESSAGE][INFO] - Action delay is set to 1 seconds&#xD;
&#xD;
2019-10-08 16:25:24 - [MESSAGE][PASSED] - Browser is opened with url: ''&#xD;
&#xD;
2019-10-08 16:25:24 - [TEST_STEP][PASSED] - maximizeWindow(): Current window maximized&#xD;
&#xD;
2019-10-08 16:25:26 - [MESSAGE][PASSED] - Current window maximized&#xD;
&#xD;
2019-10-08 16:25:26 - [TEST_STEP][PASSED] - navigateToUrl("https://test-portalclientesyventas-co.azurewebsites.net/login"): Navigate to 'https://test-portalclientesyventas-co.azurewebsites.net/login' successfully&#xD;
&#xD;
2019-10-08 16:25:31 - [MESSAGE][PASSED] - Navigate to 'https://test-portalclientesyventas-co.azurewebsites.net/login' successfully</system-out>
            <system-err></system-err>
        </testcase>
        <testcase name="Test Cases/Iniciar Sesion/IngresarInformacion" classname="Test Cases/Iniciar Sesion/IngresarInformacion" status="PASSED">
            <system-out>2019-10-08 16:25:31 - [TEST_CASE][PASSED] - Test Cases/Iniciar Sesion/IngresarInformacion: Test Cases/Iniciar Sesion/IngresarInformacion&#xD;
&#xD;
2019-10-08 16:25:31 - [TEST_STEP][PASSED] - navigateToUrl("https://test-portalclientesyventas-co.azurewebsites.net/login"): Navigate to 'https://test-portalclientesyventas-co.azurewebsites.net/login' successfully&#xD;
&#xD;
2019-10-08 16:25:33 - [MESSAGE][PASSED] - Navigate to 'https://test-portalclientesyventas-co.azurewebsites.net/login' successfully&#xD;
&#xD;
2019-10-08 16:25:33 - [TEST_STEP][PASSED] - setText(findTestObject("Object Repository/IniciarSesion/input_Correo electrnico_email"), "usuarioprueba1@yopmail.com"): Text 'usuarioprueba1@yopmail.com' is set on object 'Object Repository/IniciarSesion/input_Correo electrnico_email'&#xD;
&#xD;
2019-10-08 16:25:36 - [MESSAGE][PASSED] - Text 'usuarioprueba1@yopmail.com' is set on object 'Object Repository/IniciarSesion/input_Correo electrnico_email'&#xD;
&#xD;
2019-10-08 16:25:36 - [TEST_STEP][PASSED] - setEncryptedText(findTestObject("Object Repository/IniciarSesion/input_Contrasea_password"), "zpitzbFj1P6iY2h+x2z5qA=="): Text ****** has been set on object 'Object Repository/IniciarSesion/input_Contrasea_password'&#xD;
&#xD;
2019-10-08 16:25:40 - [MESSAGE][PASSED] - Text ****** has been set on object 'Object Repository/IniciarSesion/input_Contrasea_password'</system-out>
            <system-err></system-err>
        </testcase>
        <testcase name="Test Cases/Iniciar Sesion/SeleccionarBoton_Ingresar" classname="Test Cases/Iniciar Sesion/SeleccionarBoton_Ingresar" status="PASSED">
            <system-out>2019-10-08 16:25:40 - [TEST_CASE][PASSED] - Test Cases/Iniciar Sesion/SeleccionarBoton_Ingresar: Test Cases/Iniciar Sesion/SeleccionarBoton_Ingresar&#xD;
&#xD;
2019-10-08 16:25:40 - [TEST_STEP][PASSED] - click(findTestObject("IniciarSesion/button_INGRESAR")): Object: 'Object Repository/IniciarSesion/button_INGRESAR' is clicked on&#xD;
&#xD;
2019-10-08 16:25:42 - [MESSAGE][PASSED] - Object: 'Object Repository/IniciarSesion/button_INGRESAR' is clicked on&#xD;
&#xD;
2019-10-08 16:25:42 - [TEST_STEP][PASSED] - delay(30): Delayed 30 second(s)&#xD;
&#xD;
2019-10-08 16:26:12 - [MESSAGE][PASSED] - Delayed 30 second(s)</system-out>
            <system-err></system-err>
        </testcase>
        <testcase name="Test Cases/Mi Cuenta/Configurar Cuenta/SeleccionarMenu_MiCuenta" classname="Test Cases/Mi Cuenta/Configurar Cuenta/SeleccionarMenu_MiCuenta" status="PASSED">
            <system-out>2019-10-08 16:26:12 - [TEST_CASE][PASSED] - Test Cases/Mi Cuenta/Configurar Cuenta/SeleccionarMenu_MiCuenta: Test Cases/Mi Cuenta/Configurar Cuenta/SeleccionarMenu_MiCuenta&#xD;
&#xD;
2019-10-08 16:26:12 - [TEST_STEP][PASSED] - click(findTestObject("Object Repository/Modulo Mi Cuenta/a_Mi cuenta")): Object: 'Object Repository/Modulo Mi Cuenta/a_Mi cuenta' is clicked on&#xD;
&#xD;
2019-10-08 16:26:15 - [MESSAGE][PASSED] - Object: 'Object Repository/Modulo Mi Cuenta/a_Mi cuenta' is clicked on&#xD;
&#xD;
2019-10-08 16:26:15 - [TEST_STEP][PASSED] - waitForElementClickable(findTestObject("Modulo Mi Cuenta/a_Mi cuenta"), 10): Web element with id: 'Object Repository/Modulo Mi Cuenta/a_Mi cuenta' located by 'By.xpath: id("conten1")/nav[@class="navbar navbar-default sidebar"]/div[1]/div[1]/ms-sidenav[1]/ul[@class="nav navbar-nav"]/ms-sidenav-item[@class="sidenav-item"]/li[@class="dropdown"]/a[@id="dropdown-items-menu"][count(. | //*[@href = '#' and @id = 'dropdown-items-menu' and (text() = '
    Mi cuenta
    
  ' or . = '
    Mi cuenta
    
  ')]) = count(//*[@href = '#' and @id = 'dropdown-items-menu' and (text() = '
    Mi cuenta
    
  ' or . = '
    Mi cuenta
    
  ')])]' not found&#xD;
&#xD;
2019-10-08 16:26:25 - [MESSAGE][INFO] - Unable to find the element located by 'By.xpath: id("conten1")/nav[@class="navbar navbar-default sidebar"]/div[1]/div[1]/ms-sidenav[1]/ul[@class="nav navbar-nav"]/ms-sidenav-item[@class="sidenav-item"]/li[@class="dropdown"]/a[@id="dropdown-items-menu"][count(. | //*[@href = '#' and @id = 'dropdown-items-menu' and (text() = '
    Mi cuenta
    
  ' or . = '
    Mi cuenta
    
  ')]) = count(//*[@href = '#' and @id = 'dropdown-items-menu' and (text() = '
    Mi cuenta
    
  ' or . = '
    Mi cuenta
    
  ')])]'. Please recheck the objects properties to make sure the desired element is located. &#xD;
&#xD;
2019-10-08 16:26:25 - [MESSAGE][WARNING] - Web element with id: 'Object Repository/Modulo Mi Cuenta/a_Mi cuenta' located by 'By.xpath: id("conten1")/nav[@class="navbar navbar-default sidebar"]/div[1]/div[1]/ms-sidenav[1]/ul[@class="nav navbar-nav"]/ms-sidenav-item[@class="sidenav-item"]/li[@class="dropdown"]/a[@id="dropdown-items-menu"][count(. | //*[@href = '#' and @id = 'dropdown-items-menu' and (text() = '
    Mi cuenta
    
  ' or . = '
    Mi cuenta
    
  ')]) = count(//*[@href = '#' and @id = 'dropdown-items-menu' and (text() = '
    Mi cuenta
    
  ' or . = '
    Mi cuenta
    
  ')])]' not found</system-out>
            <system-err></system-err>
        </testcase>
        <testcase name="Test Cases/Mi Cuenta/Configurar Cuenta/SeleccionarOpcion_ConfigurarCuenta" classname="Test Cases/Mi Cuenta/Configurar Cuenta/SeleccionarOpcion_ConfigurarCuenta" status="PASSED">
            <system-out>2019-10-08 16:26:26 - [TEST_CASE][PASSED] - Test Cases/Mi Cuenta/Configurar Cuenta/SeleccionarOpcion_ConfigurarCuenta: Test Cases/Mi Cuenta/Configurar Cuenta/SeleccionarOpcion_ConfigurarCuenta&#xD;
&#xD;
2019-10-08 16:26:26 - [TEST_STEP][PASSED] - click(findTestObject("Object Repository/Modulo Mi Cuenta/a_Configurar cuenta")): Object: 'Object Repository/Modulo Mi Cuenta/a_Configurar cuenta' is clicked on&#xD;
&#xD;
2019-10-08 16:26:28 - [MESSAGE][PASSED] - Object: 'Object Repository/Modulo Mi Cuenta/a_Configurar cuenta' is clicked on</system-out>
            <system-err></system-err>
        </testcase>
        <testcase name="Test Cases/Mi Cuenta/Configurar Cuenta/Editar Contrasena/IngresarInformacion" classname="Test Cases/Mi Cuenta/Configurar Cuenta/Editar Contrasena/IngresarInformacion" status="PASSED">
            <system-out>2019-10-08 16:26:28 - [TEST_CASE][PASSED] - Test Cases/Mi Cuenta/Configurar Cuenta/Editar Contrasena/IngresarInformacion: Test Cases/Mi Cuenta/Configurar Cuenta/Editar Contrasena/IngresarInformacion&#xD;
&#xD;
2019-10-08 16:26:28 - [TEST_STEP][PASSED] - setEncryptedText(findTestObject("Object Repository/Configurar Cuenta/Editar Contrasena/input_() Contrasea actual_oldPassword"), "zpitzbFj1P6iY2h+x2z5qA=="): Text ****** has been set on object 'Object Repository/Configurar Cuenta/Editar Contrasena/input_() Contrasea actual_oldPassword'&#xD;
&#xD;
2019-10-08 16:26:32 - [MESSAGE][PASSED] - Text ****** has been set on object 'Object Repository/Configurar Cuenta/Editar Contrasena/input_() Contrasea actual_oldPassword'&#xD;
&#xD;
2019-10-08 16:26:32 - [TEST_STEP][PASSED] - setEncryptedText(findTestObject("Object Repository/Configurar Cuenta/Editar Contrasena/input_() Contrasea nueva_newPassword"), "TG+1lLkBS3xswYetR2n2wg=="): Text ****** has been set on object 'Object Repository/Configurar Cuenta/Editar Contrasena/input_() Contrasea nueva_newPassword'&#xD;
&#xD;
2019-10-08 16:26:35 - [MESSAGE][PASSED] - Text ****** has been set on object 'Object Repository/Configurar Cuenta/Editar Contrasena/input_() Contrasea nueva_newPassword'&#xD;
&#xD;
2019-10-08 16:26:35 - [TEST_STEP][PASSED] - setEncryptedText(findTestObject("Object Repository/Configurar Cuenta/Editar Contrasena/input_() Confirmar contrasea nueva_ConfirmPassword"), "TG+1lLkBS3xswYetR2n2wg=="): Text ****** has been set on object 'Object Repository/Configurar Cuenta/Editar Contrasena/input_() Confirmar contrasea nueva_ConfirmPassword'&#xD;
&#xD;
2019-10-08 16:26:38 - [MESSAGE][PASSED] - Text ****** has been set on object 'Object Repository/Configurar Cuenta/Editar Contrasena/input_() Confirmar contrasea nueva_ConfirmPassword'</system-out>
            <system-err></system-err>
        </testcase>
        <testcase name="Test Cases/Mi Cuenta/Configurar Cuenta/Editar Contrasena/SeleccionarBoton_Cancelar" classname="Test Cases/Mi Cuenta/Configurar Cuenta/Editar Contrasena/SeleccionarBoton_Cancelar" status="FAILED">
            <failure type="FAILED" message="Test Cases/Mi Cuenta/Configurar Cuenta/Editar Contrasena/SeleccionarBoton_Cancelar FAILED.&#xA;Reason:&#xA;com.kms.katalon.core.exception.StepFailedException: Unable to click on object 'Object Repository/Configurar Cuenta/Editar Contrasena/button_CANCELAR'&#xD;&#xA;&#x9;at com.kms.katalon.core.webui.keyword.internal.WebUIKeywordMain.stepFailed(WebUIKeywordMain.groovy:64)&#xD;&#xA;&#x9;at com.kms.katalon.core.webui.keyword.internal.WebUIKeywordMain.runKeyword(WebUIKeywordMain.groovy:26)&#xD;&#xA;&#x9;at com.kms.katalon.core.webui.keyword.builtin.ClickKeyword.click(ClickKeyword.groovy:86)&#xD;&#xA;&#x9;at com.kms.katalon.core.webui.keyword.builtin.ClickKeyword.execute(ClickKeyword.groovy:67)&#xD;&#xA;&#x9;at com.kms.katalon.core.keyword.internal.KeywordExecutor.executeKeywordForPlatform(KeywordExecutor.groovy:56)&#xD;&#xA;&#x9;at com.kms.katalon.core.webui.keyword.WebUiBuiltInKeywords.click(WebUiBuiltInKeywords.groovy:616)&#xD;&#xA;&#x9;at com.kms.katalon.core.webui.keyword.WebUiBuiltInKeywords$click$4.call(Unknown Source)&#xD;&#xA;&#x9;at SeleccionarBoton_Cancelar.run(SeleccionarBoton_Cancelar:16)&#xD;&#xA;&#x9;at com.kms.katalon.core.main.ScriptEngine.run(ScriptEngine.java:194)&#xD;&#xA;&#x9;at com.kms.katalon.core.main.ScriptEngine.runScriptAsRawText(ScriptEngine.java:119)&#xD;&#xA;&#x9;at com.kms.katalon.core.main.TestCaseExecutor.runScript(TestCaseExecutor.java:337)&#xD;&#xA;&#x9;at com.kms.katalon.core.main.TestCaseExecutor.doExecute(TestCaseExecutor.java:328)&#xD;&#xA;&#x9;at com.kms.katalon.core.main.TestCaseExecutor.processExecutionPhase(TestCaseExecutor.java:307)&#xD;&#xA;&#x9;at com.kms.katalon.core.main.TestCaseExecutor.accessMainPhase(TestCaseExecutor.java:299)&#xD;&#xA;&#x9;at com.kms.katalon.core.main.TestCaseExecutor.execute(TestCaseExecutor.java:233)&#xD;&#xA;&#x9;at com.kms.katalon.core.main.TestSuiteExecutor.accessTestCaseMainPhase(TestSuiteExecutor.java:150)&#xD;&#xA;&#x9;at com.kms.katalon.core.main.TestSuiteExecutor.accessTestSuiteMainPhase(TestSuiteExecutor.java:123)&#xD;&#xA;&#x9;at com.kms.katalon.core.main.TestSuiteExecutor.execute(TestSuiteExecutor.java:87)&#xD;&#xA;&#x9;at com.kms.katalon.core.main.TestCaseMain.startTestSuite(TestCaseMain.java:157)&#xD;&#xA;&#x9;at com.kms.katalon.core.main.TestCaseMain$startTestSuite$0.call(Unknown Source)&#xD;&#xA;&#x9;at TempTestSuite1570569913092.run(TempTestSuite1570569913092.groovy:35)&#xD;&#xA;Caused by: com.kms.katalon.core.webui.exception.WebElementNotFoundException: Web element with id: 'Object Repository/Configurar Cuenta/Editar Contrasena/button_CANCELAR' located by 'By.xpath: id(&quot;tab_default_1&quot;)/article[1]/app-change-password[1]/section[1]/div[@class=&quot;col-md-12&quot;]/div[@class=&quot;row content-clinic&quot;]/div[1]/form[@class=&quot;ng-dirty ng-touched ng-valid&quot;]/div[@class=&quot;col-md-6 col-md-offset-3&quot;]/div[@class=&quot;emi-botones&quot;]/div[@class=&quot;col-md-6 col-sm-6 col-xs-12&quot;]/div[@class=&quot;emi1-cancelar&quot;]/button[@class=&quot;btn btn-default emi1-btncancelar&quot;][count(. | //*[@type = 'button' and (text() = 'CANCELAR' or . = 'CANCELAR')]) = count(//*[@type = 'button' and (text() = 'CANCELAR' or . = 'CANCELAR')])]' not found&#xD;&#xA;&#x9;at com.kms.katalon.core.webui.common.WebUiCommonHelper.findWebElement(WebUiCommonHelper.java:1097)&#xD;&#xA;&#x9;at com.kms.katalon.core.webui.keyword.internal.WebUIAbstractKeyword.findWebElement(WebUIAbstractKeyword.groovy:27)&#xD;&#xA;&#x9;at com.kms.katalon.core.webui.keyword.internal.WebUIAbstractKeyword.findWebElement(WebUIAbstractKeyword.groovy:26)&#xD;&#xA;&#x9;at com.kms.katalon.core.webui.keyword.builtin.ClickKeyword$_click_closure1.doCall(ClickKeyword.groovy:77)&#xD;&#xA;&#x9;at com.kms.katalon.core.webui.keyword.builtin.ClickKeyword$_click_closure1.call(ClickKeyword.groovy)&#xD;&#xA;&#x9;at com.kms.katalon.core.webui.keyword.internal.WebUIKeywordMain.runKeyword(WebUIKeywordMain.groovy:20)&#xD;&#xA;&#x9;... 19 more&#xD;&#xA;"/>
            <system-out>2019-10-08 16:26:38 - [TEST_CASE][FAILED] - Test Cases/Mi Cuenta/Configurar Cuenta/Editar Contrasena/SeleccionarBoton_Cancelar: Test Cases/Mi Cuenta/Configurar Cuenta/Editar Contrasena/SeleccionarBoton_Cancelar FAILED.
Reason:
com.kms.katalon.core.exception.StepFailedException: Unable to click on object 'Object Repository/Configurar Cuenta/Editar Contrasena/button_CANCELAR'&#xD;
	at com.kms.katalon.core.webui.keyword.internal.WebUIKeywordMain.stepFailed(WebUIKeywordMain.groovy:64)&#xD;
	at com.kms.katalon.core.webui.keyword.internal.WebUIKeywordMain.runKeyword(WebUIKeywordMain.groovy:26)&#xD;
	at com.kms.katalon.core.webui.keyword.builtin.ClickKeyword.click(ClickKeyword.groovy:86)&#xD;
	at com.kms.katalon.core.webui.keyword.builtin.ClickKeyword.execute(ClickKeyword.groovy:67)&#xD;
	at com.kms.katalon.core.keyword.internal.KeywordExecutor.executeKeywordForPlatform(KeywordExecutor.groovy:56)&#xD;
	at com.kms.katalon.core.webui.keyword.WebUiBuiltInKeywords.click(WebUiBuiltInKeywords.groovy:616)&#xD;
	at com.kms.katalon.core.webui.keyword.WebUiBuiltInKeywords$click$4.call(Unknown Source)&#xD;
	at SeleccionarBoton_Cancelar.run(SeleccionarBoton_Cancelar:16)&#xD;
	at com.kms.katalon.core.main.ScriptEngine.run(ScriptEngine.java:194)&#xD;
	at com.kms.katalon.core.main.ScriptEngine.runScriptAsRawText(ScriptEngine.java:119)&#xD;
	at com.kms.katalon.core.main.TestCaseExecutor.runScript(TestCaseExecutor.java:337)&#xD;
	at com.kms.katalon.core.main.TestCaseExecutor.doExecute(TestCaseExecutor.java:328)&#xD;
	at com.kms.katalon.core.main.TestCaseExecutor.processExecutionPhase(TestCaseExecutor.java:307)&#xD;
	at com.kms.katalon.core.main.TestCaseExecutor.accessMainPhase(TestCaseExecutor.java:299)&#xD;
	at com.kms.katalon.core.main.TestCaseExecutor.execute(TestCaseExecutor.java:233)&#xD;
	at com.kms.katalon.core.main.TestSuiteExecutor.accessTestCaseMainPhase(TestSuiteExecutor.java:150)&#xD;
	at com.kms.katalon.core.main.TestSuiteExecutor.accessTestSuiteMainPhase(TestSuiteExecutor.java:123)&#xD;
	at com.kms.katalon.core.main.TestSuiteExecutor.execute(TestSuiteExecutor.java:87)&#xD;
	at com.kms.katalon.core.main.TestCaseMain.startTestSuite(TestCaseMain.java:157)&#xD;
	at com.kms.katalon.core.main.TestCaseMain$startTestSuite$0.call(Unknown Source)&#xD;
	at TempTestSuite1570569913092.run(TempTestSuite1570569913092.groovy:35)&#xD;
Caused by: com.kms.katalon.core.webui.exception.WebElementNotFoundException: Web element with id: 'Object Repository/Configurar Cuenta/Editar Contrasena/button_CANCELAR' located by 'By.xpath: id("tab_default_1")/article[1]/app-change-password[1]/section[1]/div[@class="col-md-12"]/div[@class="row content-clinic"]/div[1]/form[@class="ng-dirty ng-touched ng-valid"]/div[@class="col-md-6 col-md-offset-3"]/div[@class="emi-botones"]/div[@class="col-md-6 col-sm-6 col-xs-12"]/div[@class="emi1-cancelar"]/button[@class="btn btn-default emi1-btncancelar"][count(. | //*[@type = 'button' and (text() = 'CANCELAR' or . = 'CANCELAR')]) = count(//*[@type = 'button' and (text() = 'CANCELAR' or . = 'CANCELAR')])]' not found&#xD;
	at com.kms.katalon.core.webui.common.WebUiCommonHelper.findWebElement(WebUiCommonHelper.java:1097)&#xD;
	at com.kms.katalon.core.webui.keyword.internal.WebUIAbstractKeyword.findWebElement(WebUIAbstractKeyword.groovy:27)&#xD;
	at com.kms.katalon.core.webui.keyword.internal.WebUIAbstractKeyword.findWebElement(WebUIAbstractKeyword.groovy:26)&#xD;
	at com.kms.katalon.core.webui.keyword.builtin.ClickKeyword$_click_closure1.doCall(ClickKeyword.groovy:77)&#xD;
	at com.kms.katalon.core.webui.keyword.builtin.ClickKeyword$_click_closure1.call(ClickKeyword.groovy)&#xD;
	at com.kms.katalon.core.webui.keyword.internal.WebUIKeywordMain.runKeyword(WebUIKeywordMain.groovy:20)&#xD;
	... 19 more&#xD;
&#xD;
&#xD;
2019-10-08 16:26:39 - [TEST_STEP][FAILED] - click(findTestObject("Object Repository/Configurar Cuenta/Editar Contrasena/button_CANCELAR")): Unable to click on object 'Object Repository/Configurar Cuenta/Editar Contrasena/button_CANCELAR' (Root cause: com.kms.katalon.core.exception.StepFailedException: Unable to click on object 'Object Repository/Configurar Cuenta/Editar Contrasena/button_CANCELAR'&#xD;
	at com.kms.katalon.core.webui.keyword.internal.WebUIKeywordMain.stepFailed(WebUIKeywordMain.groovy:64)&#xD;
	at com.kms.katalon.core.webui.keyword.internal.WebUIKeywordMain.runKeyword(WebUIKeywordMain.groovy:26)&#xD;
	at com.kms.katalon.core.webui.keyword.builtin.ClickKeyword.click(ClickKeyword.groovy:86)&#xD;
	at com.kms.katalon.core.webui.keyword.builtin.ClickKeyword.execute(ClickKeyword.groovy:67)&#xD;
	at com.kms.katalon.core.keyword.internal.KeywordExecutor.executeKeywordForPlatform(KeywordExecutor.groovy:56)&#xD;
	at com.kms.katalon.core.webui.keyword.WebUiBuiltInKeywords.click(WebUiBuiltInKeywords.groovy:616)&#xD;
	at com.kms.katalon.core.webui.keyword.WebUiBuiltInKeywords$click$4.call(Unknown Source)&#xD;
	at SeleccionarBoton_Cancelar.run(SeleccionarBoton_Cancelar:16)&#xD;
	at com.kms.katalon.core.main.ScriptEngine.run(ScriptEngine.java:194)&#xD;
	at com.kms.katalon.core.main.ScriptEngine.runScriptAsRawText(ScriptEngine.java:119)&#xD;
	at com.kms.katalon.core.main.TestCaseExecutor.runScript(TestCaseExecutor.java:337)&#xD;
	at com.kms.katalon.core.main.TestCaseExecutor.doExecute(TestCaseExecutor.java:328)&#xD;
	at com.kms.katalon.core.main.TestCaseExecutor.processExecutionPhase(TestCaseExecutor.java:307)&#xD;
	at com.kms.katalon.core.main.TestCaseExecutor.accessMainPhase(TestCaseExecutor.java:299)&#xD;
	at com.kms.katalon.core.main.TestCaseExecutor.execute(TestCaseExecutor.java:233)&#xD;
	at com.kms.katalon.core.main.TestSuiteExecutor.accessTestCaseMainPhase(TestSuiteExecutor.java:150)&#xD;
	at com.kms.katalon.core.main.TestSuiteExecutor.accessTestSuiteMainPhase(TestSuiteExecutor.java:123)&#xD;
	at com.kms.katalon.core.main.TestSuiteExecutor.execute(TestSuiteExecutor.java:87)&#xD;
	at com.kms.katalon.core.main.TestCaseMain.startTestSuite(TestCaseMain.java:157)&#xD;
	at com.kms.katalon.core.main.TestCaseMain$startTestSuite$0.call(Unknown Source)&#xD;
	at TempTestSuite1570569913092.run(TempTestSuite1570569913092.groovy:35)&#xD;
Caused by: com.kms.katalon.core.webui.exception.WebElementNotFoundException: Web element with id: 'Object Repository/Configurar Cuenta/Editar Contrasena/button_CANCELAR' located by 'By.xpath: id("tab_default_1")/article[1]/app-change-password[1]/section[1]/div[@class="col-md-12"]/div[@class="row content-clinic"]/div[1]/form[@class="ng-dirty ng-touched ng-valid"]/div[@class="col-md-6 col-md-offset-3"]/div[@class="emi-botones"]/div[@class="col-md-6 col-sm-6 col-xs-12"]/div[@class="emi1-cancelar"]/button[@class="btn btn-default emi1-btncancelar"][count(. | //*[@type = 'button' and (text() = 'CANCELAR' or . = 'CANCELAR')]) = count(//*[@type = 'button' and (text() = 'CANCELAR' or . = 'CANCELAR')])]' not found&#xD;
	at com.kms.katalon.core.webui.common.WebUiCommonHelper.findWebElement(WebUiCommonHelper.java:1097)&#xD;
	at com.kms.katalon.core.webui.keyword.internal.WebUIAbstractKeyword.findWebElement(WebUIAbstractKeyword.groovy:27)&#xD;
	at com.kms.katalon.core.webui.keyword.internal.WebUIAbstractKeyword.findWebElement(WebUIAbstractKeyword.groovy:26)&#xD;
	at com.kms.katalon.core.webui.keyword.builtin.ClickKeyword$_click_closure1.doCall(ClickKeyword.groovy:77)&#xD;
	at com.kms.katalon.core.webui.keyword.builtin.ClickKeyword$_click_closure1.call(ClickKeyword.groovy)&#xD;
	at com.kms.katalon.core.webui.keyword.internal.WebUIKeywordMain.runKeyword(WebUIKeywordMain.groovy:20)&#xD;
	at com.kms.katalon.core.webui.keyword.builtin.ClickKeyword.click(ClickKeyword.groovy:86)&#xD;
	at com.kms.katalon.core.webui.keyword.builtin.ClickKeyword.execute(ClickKeyword.groovy:67)&#xD;
	at com.kms.katalon.core.keyword.internal.KeywordExecutor.executeKeywordForPlatform(KeywordExecutor.groovy:56)&#xD;
	at com.kms.katalon.core.webui.keyword.WebUiBuiltInKeywords.click(WebUiBuiltInKeywords.groovy:616)&#xD;
	at com.kms.katalon.core.webui.keyword.WebUiBuiltInKeywords$click$4.call(Unknown Source)&#xD;
	at Script1570569741372.run(Script1570569741372.groovy:16)&#xD;
	... 13 more&#xD;
)&#xD;
&#xD;
2019-10-08 16:27:40 - [MESSAGE][INFO] - Unable to find the element located by 'By.xpath: id("tab_default_1")/article[1]/app-change-password[1]/section[1]/div[@class="col-md-12"]/div[@class="row content-clinic"]/div[1]/form[@class="ng-dirty ng-touched ng-valid"]/div[@class="col-md-6 col-md-offset-3"]/div[@class="emi-botones"]/div[@class="col-md-6 col-sm-6 col-xs-12"]/div[@class="emi1-cancelar"]/button[@class="btn btn-default emi1-btncancelar"][count(. | //*[@type = 'button' and (text() = 'CANCELAR' or . = 'CANCELAR')]) = count(//*[@type = 'button' and (text() = 'CANCELAR' or . = 'CANCELAR')])]'. Please recheck the objects properties to make sure the desired element is located. &#xD;
&#xD;
2019-10-08 16:27:41 - [MESSAGE][FAILED] - Unable to click on object 'Object Repository/Configurar Cuenta/Editar Contrasena/button_CANCELAR' (Root cause: com.kms.katalon.core.exception.StepFailedException: Unable to click on object 'Object Repository/Configurar Cuenta/Editar Contrasena/button_CANCELAR'&#xD;
	at com.kms.katalon.core.webui.keyword.internal.WebUIKeywordMain.stepFailed(WebUIKeywordMain.groovy:64)&#xD;
	at com.kms.katalon.core.webui.keyword.internal.WebUIKeywordMain.runKeyword(WebUIKeywordMain.groovy:26)&#xD;
	at com.kms.katalon.core.webui.keyword.builtin.ClickKeyword.click(ClickKeyword.groovy:86)&#xD;
	at com.kms.katalon.core.webui.keyword.builtin.ClickKeyword.execute(ClickKeyword.groovy:67)&#xD;
	at com.kms.katalon.core.keyword.internal.KeywordExecutor.executeKeywordForPlatform(KeywordExecutor.groovy:56)&#xD;
	at com.kms.katalon.core.webui.keyword.WebUiBuiltInKeywords.click(WebUiBuiltInKeywords.groovy:616)&#xD;
	at com.kms.katalon.core.webui.keyword.WebUiBuiltInKeywords$click$4.call(Unknown Source)&#xD;
	at SeleccionarBoton_Cancelar.run(SeleccionarBoton_Cancelar:16)&#xD;
	at com.kms.katalon.core.main.ScriptEngine.run(ScriptEngine.java:194)&#xD;
	at com.kms.katalon.core.main.ScriptEngine.runScriptAsRawText(ScriptEngine.java:119)&#xD;
	at com.kms.katalon.core.main.TestCaseExecutor.runScript(TestCaseExecutor.java:337)&#xD;
	at com.kms.katalon.core.main.TestCaseExecutor.doExecute(TestCaseExecutor.java:328)&#xD;
	at com.kms.katalon.core.main.TestCaseExecutor.processExecutionPhase(TestCaseExecutor.java:307)&#xD;
	at com.kms.katalon.core.main.TestCaseExecutor.accessMainPhase(TestCaseExecutor.java:299)&#xD;
	at com.kms.katalon.core.main.TestCaseExecutor.execute(TestCaseExecutor.java:233)&#xD;
	at com.kms.katalon.core.main.TestSuiteExecutor.accessTestCaseMainPhase(TestSuiteExecutor.java:150)&#xD;
	at com.kms.katalon.core.main.TestSuiteExecutor.accessTestSuiteMainPhase(TestSuiteExecutor.java:123)&#xD;
	at com.kms.katalon.core.main.TestSuiteExecutor.execute(TestSuiteExecutor.java:87)&#xD;
	at com.kms.katalon.core.main.TestCaseMain.startTestSuite(TestCaseMain.java:157)&#xD;
	at com.kms.katalon.core.main.TestCaseMain$startTestSuite$0.call(Unknown Source)&#xD;
	at TempTestSuite1570569913092.run(TempTestSuite1570569913092.groovy:35)&#xD;
Caused by: com.kms.katalon.core.webui.exception.WebElementNotFoundException: Web element with id: 'Object Repository/Configurar Cuenta/Editar Contrasena/button_CANCELAR' located by 'By.xpath: id("tab_default_1")/article[1]/app-change-password[1]/section[1]/div[@class="col-md-12"]/div[@class="row content-clinic"]/div[1]/form[@class="ng-dirty ng-touched ng-valid"]/div[@class="col-md-6 col-md-offset-3"]/div[@class="emi-botones"]/div[@class="col-md-6 col-sm-6 col-xs-12"]/div[@class="emi1-cancelar"]/button[@class="btn btn-default emi1-btncancelar"][count(. | //*[@type = 'button' and (text() = 'CANCELAR' or . = 'CANCELAR')]) = count(//*[@type = 'button' and (text() = 'CANCELAR' or . = 'CANCELAR')])]' not found&#xD;
	at com.kms.katalon.core.webui.common.WebUiCommonHelper.findWebElement(WebUiCommonHelper.java:1097)&#xD;
	at com.kms.katalon.core.webui.keyword.internal.WebUIAbstractKeyword.findWebElement(WebUIAbstractKeyword.groovy:27)&#xD;
	at com.kms.katalon.core.webui.keyword.internal.WebUIAbstractKeyword.findWebElement(WebUIAbstractKeyword.groovy:26)&#xD;
	at com.kms.katalon.core.webui.keyword.builtin.ClickKeyword$_click_closure1.doCall(ClickKeyword.groovy:77)&#xD;
	at com.kms.katalon.core.webui.keyword.builtin.ClickKeyword$_click_closure1.call(ClickKeyword.groovy)&#xD;
	at com.kms.katalon.core.webui.keyword.internal.WebUIKeywordMain.runKeyword(WebUIKeywordMain.groovy:20)&#xD;
	at com.kms.katalon.core.webui.keyword.builtin.ClickKeyword.click(ClickKeyword.groovy:86)&#xD;
	at com.kms.katalon.core.webui.keyword.builtin.ClickKeyword.execute(ClickKeyword.groovy:67)&#xD;
	at com.kms.katalon.core.keyword.internal.KeywordExecutor.executeKeywordForPlatform(KeywordExecutor.groovy:56)&#xD;
	at com.kms.katalon.core.webui.keyword.WebUiBuiltInKeywords.click(WebUiBuiltInKeywords.groovy:616)&#xD;
	at com.kms.katalon.core.webui.keyword.WebUiBuiltInKeywords$click$4.call(Unknown Source)&#xD;
	at Script1570569741372.run(Script1570569741372.groovy:16)&#xD;
	... 13 more&#xD;
)&#xD;
[[ATTACHMENT|E:\\TORO\\INTERGRUPO\\AUTOMATIZACION_PROYECTOS\\PROYECTOS\\EMI\\PortalClientes_Web\\Reports\\20191008_162508\\Modulo1_Mi Cuenta\\FlujoCompleto_ConfigurarCuenta\\Cambio Contrasena\\Cancelar_CambioContrasena\\20191008_162508\\1570570060425.png]]</system-out>
            <system-err>2019-10-08 16:26:38 - [TEST_CASE][FAILED] - Test Cases/Mi Cuenta/Configurar Cuenta/Editar Contrasena/SeleccionarBoton_Cancelar: Test Cases/Mi Cuenta/Configurar Cuenta/Editar Contrasena/SeleccionarBoton_Cancelar FAILED.
Reason:
com.kms.katalon.core.exception.StepFailedException: Unable to click on object 'Object Repository/Configurar Cuenta/Editar Contrasena/button_CANCELAR'&#xD;
	at com.kms.katalon.core.webui.keyword.internal.WebUIKeywordMain.stepFailed(WebUIKeywordMain.groovy:64)&#xD;
	at com.kms.katalon.core.webui.keyword.internal.WebUIKeywordMain.runKeyword(WebUIKeywordMain.groovy:26)&#xD;
	at com.kms.katalon.core.webui.keyword.builtin.ClickKeyword.click(ClickKeyword.groovy:86)&#xD;
	at com.kms.katalon.core.webui.keyword.builtin.ClickKeyword.execute(ClickKeyword.groovy:67)&#xD;
	at com.kms.katalon.core.keyword.internal.KeywordExecutor.executeKeywordForPlatform(KeywordExecutor.groovy:56)&#xD;
	at com.kms.katalon.core.webui.keyword.WebUiBuiltInKeywords.click(WebUiBuiltInKeywords.groovy:616)&#xD;
	at com.kms.katalon.core.webui.keyword.WebUiBuiltInKeywords$click$4.call(Unknown Source)&#xD;
	at SeleccionarBoton_Cancelar.run(SeleccionarBoton_Cancelar:16)&#xD;
	at com.kms.katalon.core.main.ScriptEngine.run(ScriptEngine.java:194)&#xD;
	at com.kms.katalon.core.main.ScriptEngine.runScriptAsRawText(ScriptEngine.java:119)&#xD;
	at com.kms.katalon.core.main.TestCaseExecutor.runScript(TestCaseExecutor.java:337)&#xD;
	at com.kms.katalon.core.main.TestCaseExecutor.doExecute(TestCaseExecutor.java:328)&#xD;
	at com.kms.katalon.core.main.TestCaseExecutor.processExecutionPhase(TestCaseExecutor.java:307)&#xD;
	at com.kms.katalon.core.main.TestCaseExecutor.accessMainPhase(TestCaseExecutor.java:299)&#xD;
	at com.kms.katalon.core.main.TestCaseExecutor.execute(TestCaseExecutor.java:233)&#xD;
	at com.kms.katalon.core.main.TestSuiteExecutor.accessTestCaseMainPhase(TestSuiteExecutor.java:150)&#xD;
	at com.kms.katalon.core.main.TestSuiteExecutor.accessTestSuiteMainPhase(TestSuiteExecutor.java:123)&#xD;
	at com.kms.katalon.core.main.TestSuiteExecutor.execute(TestSuiteExecutor.java:87)&#xD;
	at com.kms.katalon.core.main.TestCaseMain.startTestSuite(TestCaseMain.java:157)&#xD;
	at com.kms.katalon.core.main.TestCaseMain$startTestSuite$0.call(Unknown Source)&#xD;
	at TempTestSuite1570569913092.run(TempTestSuite1570569913092.groovy:35)&#xD;
Caused by: com.kms.katalon.core.webui.exception.WebElementNotFoundException: Web element with id: 'Object Repository/Configurar Cuenta/Editar Contrasena/button_CANCELAR' located by 'By.xpath: id("tab_default_1")/article[1]/app-change-password[1]/section[1]/div[@class="col-md-12"]/div[@class="row content-clinic"]/div[1]/form[@class="ng-dirty ng-touched ng-valid"]/div[@class="col-md-6 col-md-offset-3"]/div[@class="emi-botones"]/div[@class="col-md-6 col-sm-6 col-xs-12"]/div[@class="emi1-cancelar"]/button[@class="btn btn-default emi1-btncancelar"][count(. | //*[@type = 'button' and (text() = 'CANCELAR' or . = 'CANCELAR')]) = count(//*[@type = 'button' and (text() = 'CANCELAR' or . = 'CANCELAR')])]' not found&#xD;
	at com.kms.katalon.core.webui.common.WebUiCommonHelper.findWebElement(WebUiCommonHelper.java:1097)&#xD;
	at com.kms.katalon.core.webui.keyword.internal.WebUIAbstractKeyword.findWebElement(WebUIAbstractKeyword.groovy:27)&#xD;
	at com.kms.katalon.core.webui.keyword.internal.WebUIAbstractKeyword.findWebElement(WebUIAbstractKeyword.groovy:26)&#xD;
	at com.kms.katalon.core.webui.keyword.builtin.ClickKeyword$_click_closure1.doCall(ClickKeyword.groovy:77)&#xD;
	at com.kms.katalon.core.webui.keyword.builtin.ClickKeyword$_click_closure1.call(ClickKeyword.groovy)&#xD;
	at com.kms.katalon.core.webui.keyword.internal.WebUIKeywordMain.runKeyword(WebUIKeywordMain.groovy:20)&#xD;
	... 19 more</system-err>
        </testcase>
        <system-out>2019-10-08 16:25:16 - [TEST_SUITE][INCOMPLETE] - Cancelar_CambioContrasena: null</system-out>
        <system-err>2019-10-08 16:25:16 - [TEST_SUITE][INCOMPLETE] - Cancelar_CambioContrasena: null</system-err>
    </testsuite>
</testsuites>
