<?xml version="1.0" encoding="UTF-8" standalone="yes"?>
<testsuites name="CargarDocumentosMenor" time="142" tests="6" failures="0" errors="1">
    <testsuite name="CargarDocumentosMenor" tests="6" failures="0" errors="1" time="142" timestamp="2019-10-07 13:31:16" hostname="Ltoroc - P-Ltoroc.intergrupo.com" id="Test Suites/FlujoCompleto_Modulo5_RegistrarMenor/CargarDocumentosMenor">
        <properties>
            <property name="deviceName" value=""/>
            <property name="devicePlatform" value=""/>
            <property name="logFolder" value="C:\\Users\\Ltoroc\\git\\PortalClientes_Web\\Reports\\20191007_133108\\FlujoCompleto_Modulo5_RegistrarMenor\\CargarDocumentosMenor\\20191007_133108"/>
            <property name="logFiles" value="C:\\Users\\Ltoroc\\git\\PortalClientes_Web\\Reports\\20191007_133108\\FlujoCompleto_Modulo5_RegistrarMenor\\CargarDocumentosMenor\\20191007_133108\\execution0.log"/>
            <property name="attachments" value=""/>
            <property name="hostName" value="Ltoroc - P-Ltoroc.intergrupo.com"/>
            <property name="os" value="Windows 10 32bit"/>
            <property name="katalonVersion" value="6.3.0.1"/>
            <property name="browser" value="Chrome 77.0.3865.90"/>
            <property name="hostAddress" value="192.168.0.14"/>
            <property name="sessionId" value="a122c25b5d879bf56e165f590c51e3ff"/>
            <property name="seleniumVersion" value="3.141.59"/>
            <property name="proxyInformation" value="ProxyInformation{proxyOption=NO_PROXY, proxyServerType=HTTP, password=, proxyServerAddress=, proxyServerPort=0}"/>
            <property name="platform" value="Windows 10"/>
        </properties>
        <testcase name="Test Cases/Abrir Navegador/AbrirNavegador" classname="Test Cases/Abrir Navegador/AbrirNavegador" status="PASSED">
            <system-out>2019-10-07 13:31:17 - [TEST_CASE][PASSED] - Test Cases/Abrir Navegador/AbrirNavegador: Test Cases/Abrir Navegador/AbrirNavegador&#xD;
&#xD;
2019-10-07 13:31:17 - [TEST_STEP][PASSED] - openBrowser(""): Browser is opened with url: ''&#xD;
&#xD;
2019-10-07 13:31:18 - [MESSAGE][INFO] - Starting 'Chrome' driver&#xD;
&#xD;
2019-10-07 13:31:18 - [MESSAGE][INFO] - Action delay is set to 2 seconds&#xD;
&#xD;
2019-10-07 13:31:29 - [MESSAGE][PASSED] - Browser is opened with url: ''&#xD;
&#xD;
2019-10-07 13:31:29 - [TEST_STEP][PASSED] - navigateToUrl("https://test-portalclientesyventas-co.azurewebsites.net/login"): Navigate to 'https://test-portalclientesyventas-co.azurewebsites.net/login' successfully&#xD;
&#xD;
2019-10-07 13:31:35 - [MESSAGE][PASSED] - Navigate to 'https://test-portalclientesyventas-co.azurewebsites.net/login' successfully</system-out>
            <system-err></system-err>
        </testcase>
        <testcase name="Test Cases/Iniciar Sesion/IngresarInformacion" classname="Test Cases/Iniciar Sesion/IngresarInformacion" status="PASSED">
            <system-out>2019-10-07 13:31:37 - [TEST_CASE][PASSED] - Test Cases/Iniciar Sesion/IngresarInformacion: Test Cases/Iniciar Sesion/IngresarInformacion&#xD;
&#xD;
2019-10-07 13:31:37 - [TEST_STEP][PASSED] - navigateToUrl("https://test-portalclientesyventas-co.azurewebsites.net/login"): Navigate to 'https://test-portalclientesyventas-co.azurewebsites.net/login' successfully&#xD;
&#xD;
2019-10-07 13:31:40 - [MESSAGE][PASSED] - Navigate to 'https://test-portalclientesyventas-co.azurewebsites.net/login' successfully&#xD;
&#xD;
2019-10-07 13:31:40 - [TEST_STEP][PASSED] - setText(findTestObject("Object Repository/IniciarSesion/input_Correo electrnico_email"), "usuarioprueba1@yopmail.com"): Text 'usuarioprueba1@yopmail.com' is set on object 'Object Repository/IniciarSesion/input_Correo electrnico_email'&#xD;
&#xD;
2019-10-07 13:31:47 - [MESSAGE][PASSED] - Text 'usuarioprueba1@yopmail.com' is set on object 'Object Repository/IniciarSesion/input_Correo electrnico_email'&#xD;
&#xD;
2019-10-07 13:31:47 - [TEST_STEP][PASSED] - setEncryptedText(findTestObject("Object Repository/IniciarSesion/input_Contrasea_password"), "zpitzbFj1P6iY2h+x2z5qA=="): Text ****** has been set on object 'Object Repository/IniciarSesion/input_Contrasea_password'&#xD;
&#xD;
2019-10-07 13:31:53 - [MESSAGE][PASSED] - Text ****** has been set on object 'Object Repository/IniciarSesion/input_Contrasea_password'</system-out>
            <system-err></system-err>
        </testcase>
        <testcase name="Test Cases/Iniciar Sesion/SeleccionarBoton_Ingresar" classname="Test Cases/Iniciar Sesion/SeleccionarBoton_Ingresar" status="PASSED">
            <system-out>2019-10-07 13:31:55 - [TEST_CASE][PASSED] - Test Cases/Iniciar Sesion/SeleccionarBoton_Ingresar: Test Cases/Iniciar Sesion/SeleccionarBoton_Ingresar&#xD;
&#xD;
2019-10-07 13:31:56 - [TEST_STEP][PASSED] - click(findTestObject("IniciarSesion/button_INGRESAR")): Object: 'Object Repository/IniciarSesion/button_INGRESAR' is clicked on&#xD;
&#xD;
2019-10-07 13:32:00 - [MESSAGE][PASSED] - Object: 'Object Repository/IniciarSesion/button_INGRESAR' is clicked on&#xD;
&#xD;
2019-10-07 13:32:00 - [TEST_STEP][PASSED] - waitForElementClickable(findTestObject("IniciarSesion/button_INGRESAR"), 30): Web element with id: 'Object Repository/IniciarSesion/button_INGRESAR' located by 'By.xpath: //button[@type='submit']' not found&#xD;
&#xD;
2019-10-07 13:32:30 - [MESSAGE][INFO] - Unable to find the element located by 'By.xpath: //button[@type='submit']'. Please recheck the objects properties to make sure the desired element is located. &#xD;
&#xD;
2019-10-07 13:32:30 - [MESSAGE][WARNING] - Web element with id: 'Object Repository/IniciarSesion/button_INGRESAR' located by 'By.xpath: //button[@type='submit']' not found&#xD;
&#xD;
2019-10-07 13:32:30 - [TEST_STEP][PASSED] - click(findTestObject("IniciarSesion/h3_Hola Victoria")): Object: 'Object Repository/IniciarSesion/h3_Hola Victoria' is clicked on&#xD;
&#xD;
2019-10-07 13:32:35 - [MESSAGE][PASSED] - Object: 'Object Repository/IniciarSesion/h3_Hola Victoria' is clicked on&#xD;
&#xD;
2019-10-07 13:32:35 - [TEST_STEP][PASSED] - waitForElementClickable(findTestObject("IniciarSesion/h3_Hola Victoria"), 34): Object 'Object Repository/IniciarSesion/h3_Hola Victoria' is clickable&#xD;
&#xD;
2019-10-07 13:32:39 - [MESSAGE][PASSED] - Object 'Object Repository/IniciarSesion/h3_Hola Victoria' is clickable</system-out>
            <system-err></system-err>
        </testcase>
        <testcase name="Test Cases/Mi Cuenta/Registrar Menor/SeleccionarMenu_MiCuenta" classname="Test Cases/Mi Cuenta/Registrar Menor/SeleccionarMenu_MiCuenta" status="PASSED">
            <system-out>2019-10-07 13:32:41 - [TEST_CASE][PASSED] - Test Cases/Mi Cuenta/Registrar Menor/SeleccionarMenu_MiCuenta: Test Cases/Mi Cuenta/Registrar Menor/SeleccionarMenu_MiCuenta&#xD;
&#xD;
2019-10-07 13:32:41 - [TEST_STEP][PASSED] - click(findTestObject("Object Repository/Modulo Mi Cuenta/a_Mi cuenta")): Object: 'Object Repository/Modulo Mi Cuenta/a_Mi cuenta' is clicked on&#xD;
&#xD;
2019-10-07 13:32:45 - [MESSAGE][PASSED] - Object: 'Object Repository/Modulo Mi Cuenta/a_Mi cuenta' is clicked on&#xD;
&#xD;
2019-10-07 13:32:45 - [TEST_STEP][PASSED] - waitForElementClickable(findTestObject("Modulo Mi Cuenta/a_Mi cuenta"), 10): Object 'Object Repository/Modulo Mi Cuenta/a_Mi cuenta' is clickable&#xD;
&#xD;
2019-10-07 13:32:50 - [MESSAGE][PASSED] - Object 'Object Repository/Modulo Mi Cuenta/a_Mi cuenta' is clickable</system-out>
            <system-err></system-err>
        </testcase>
        <testcase name="Test Cases/Mi Cuenta/Registrar Menor/SeleccionarOpcion_Registrar Menor" classname="Test Cases/Mi Cuenta/Registrar Menor/SeleccionarOpcion_Registrar Menor" status="PASSED">
            <system-out>2019-10-07 13:32:52 - [TEST_CASE][PASSED] - Test Cases/Mi Cuenta/Registrar Menor/SeleccionarOpcion_Registrar Menor: Test Cases/Mi Cuenta/Registrar Menor/SeleccionarOpcion_Registrar Menor&#xD;
&#xD;
2019-10-07 13:32:52 - [TEST_STEP][PASSED] - click(findTestObject("Object Repository/Modulo Mi Cuenta/a_Registrar menor")): Object: 'Object Repository/Modulo Mi Cuenta/a_Registrar menor' is clicked on&#xD;
&#xD;
2019-10-07 13:32:56 - [MESSAGE][PASSED] - Object: 'Object Repository/Modulo Mi Cuenta/a_Registrar menor' is clicked on</system-out>
            <system-err></system-err>
        </testcase>
        <testcase name="Test Cases/Mi Cuenta/Registrar Menor/Solicitud Registro de Menor/SeleccionarMenor" classname="Test Cases/Mi Cuenta/Registrar Menor/Solicitud Registro de Menor/SeleccionarMenor" status="PASSED">
            <system-out>2019-10-07 13:32:58 - [TEST_CASE][PASSED] - Test Cases/Mi Cuenta/Registrar Menor/Solicitud Registro de Menor/SeleccionarMenor: Test Cases/Mi Cuenta/Registrar Menor/Solicitud Registro de Menor/SeleccionarMenor&#xD;
&#xD;
2019-10-07 13:32:59 - [TEST_STEP][PASSED] - selectOptionByValue(findTestObject("Object Repository/Registrar Menor/Solicitud Registro Menor/select_Selecciona un menor de edad                  Mathias Gaviria MorenoAaron Josue Valenzuela MontaoYury Lissette Espitia Villalba"), "1056133794", true): All options with value '1056133794' are selected in object 'Object Repository/Registrar Menor/Solicitud Registro Menor/select_Selecciona un menor de edad                  Mathias Gaviria MorenoAaron Josue Valenzuela MontaoYury Lissette Espitia Villalba'  using regular expression&#xD;
&#xD;
2019-10-07 13:33:34 - [MESSAGE][PASSED] - All options with value '1056133794' are selected in object 'Object Repository/Registrar Menor/Solicitud Registro Menor/select_Selecciona un menor de edad                  Mathias Gaviria MorenoAaron Josue Valenzuela MontaoYury Lissette Espitia Villalba'  using regular expression</system-out>
            <system-err></system-err>
        </testcase>
        <testcase name="Test Cases/Mi Cuenta/Registrar Menor/Solicitud Registro de Menor/CargarDocumentos" classname="Test Cases/Mi Cuenta/Registrar Menor/Solicitud Registro de Menor/CargarDocumentos" status="ERROR">
            <error type="ERROR" message="Test Cases/Mi Cuenta/Registrar Menor/Solicitud Registro de Menor/CargarDocumentos FAILED.&#xA;Reason:&#xA;groovy.lang.MissingPropertyException: No such property: RunConfiguration for class: Script1570465923798&#xD;&#xA;&#x9;at CargarDocumentos.run(CargarDocumentos:17)&#xD;&#xA;&#x9;at com.kms.katalon.core.main.ScriptEngine.run(ScriptEngine.java:194)&#xD;&#xA;&#x9;at com.kms.katalon.core.main.ScriptEngine.runScriptAsRawText(ScriptEngine.java:119)&#xD;&#xA;&#x9;at com.kms.katalon.core.main.TestCaseExecutor.runScript(TestCaseExecutor.java:337)&#xD;&#xA;&#x9;at com.kms.katalon.core.main.TestCaseExecutor.doExecute(TestCaseExecutor.java:328)&#xD;&#xA;&#x9;at com.kms.katalon.core.main.TestCaseExecutor.processExecutionPhase(TestCaseExecutor.java:307)&#xD;&#xA;&#x9;at com.kms.katalon.core.main.TestCaseExecutor.accessMainPhase(TestCaseExecutor.java:299)&#xD;&#xA;&#x9;at com.kms.katalon.core.main.TestCaseExecutor.execute(TestCaseExecutor.java:233)&#xD;&#xA;&#x9;at com.kms.katalon.core.main.TestSuiteExecutor.accessTestCaseMainPhase(TestSuiteExecutor.java:150)&#xD;&#xA;&#x9;at com.kms.katalon.core.main.TestSuiteExecutor.accessTestSuiteMainPhase(TestSuiteExecutor.java:123)&#xD;&#xA;&#x9;at com.kms.katalon.core.main.TestSuiteExecutor.execute(TestSuiteExecutor.java:87)&#xD;&#xA;&#x9;at com.kms.katalon.core.main.TestCaseMain.startTestSuite(TestCaseMain.java:157)&#xD;&#xA;&#x9;at com.kms.katalon.core.main.TestCaseMain$startTestSuite$0.call(Unknown Source)&#xD;&#xA;&#x9;at TempTestSuite1570473073079.run(TempTestSuite1570473073079.groovy:35)&#xD;&#xA;"/>
            <system-out>2019-10-07 13:33:36 - [TEST_CASE][ERROR] - Test Cases/Mi Cuenta/Registrar Menor/Solicitud Registro de Menor/CargarDocumentos: Test Cases/Mi Cuenta/Registrar Menor/Solicitud Registro de Menor/CargarDocumentos FAILED.
Reason:
groovy.lang.MissingPropertyException: No such property: RunConfiguration for class: Script1570465923798&#xD;
	at CargarDocumentos.run(CargarDocumentos:17)&#xD;
	at com.kms.katalon.core.main.ScriptEngine.run(ScriptEngine.java:194)&#xD;
	at com.kms.katalon.core.main.ScriptEngine.runScriptAsRawText(ScriptEngine.java:119)&#xD;
	at com.kms.katalon.core.main.TestCaseExecutor.runScript(TestCaseExecutor.java:337)&#xD;
	at com.kms.katalon.core.main.TestCaseExecutor.doExecute(TestCaseExecutor.java:328)&#xD;
	at com.kms.katalon.core.main.TestCaseExecutor.processExecutionPhase(TestCaseExecutor.java:307)&#xD;
	at com.kms.katalon.core.main.TestCaseExecutor.accessMainPhase(TestCaseExecutor.java:299)&#xD;
	at com.kms.katalon.core.main.TestCaseExecutor.execute(TestCaseExecutor.java:233)&#xD;
	at com.kms.katalon.core.main.TestSuiteExecutor.accessTestCaseMainPhase(TestSuiteExecutor.java:150)&#xD;
	at com.kms.katalon.core.main.TestSuiteExecutor.accessTestSuiteMainPhase(TestSuiteExecutor.java:123)&#xD;
	at com.kms.katalon.core.main.TestSuiteExecutor.execute(TestSuiteExecutor.java:87)&#xD;
	at com.kms.katalon.core.main.TestCaseMain.startTestSuite(TestCaseMain.java:157)&#xD;
	at com.kms.katalon.core.main.TestCaseMain$startTestSuite$0.call(Unknown Source)&#xD;
	at TempTestSuite1570473073079.run(TempTestSuite1570473073079.groovy:35)&#xD;
&#xD;
&#xD;
2019-10-07 13:33:37 - [TEST_STEP][PASSED] - path = RunConfiguration.getProjectDir() + "/Data Files/": null</system-out>
            <system-err>2019-10-07 13:33:36 - [TEST_CASE][ERROR] - Test Cases/Mi Cuenta/Registrar Menor/Solicitud Registro de Menor/CargarDocumentos: Test Cases/Mi Cuenta/Registrar Menor/Solicitud Registro de Menor/CargarDocumentos FAILED.
Reason:
groovy.lang.MissingPropertyException: No such property: RunConfiguration for class: Script1570465923798&#xD;
	at CargarDocumentos.run(CargarDocumentos:17)&#xD;
	at com.kms.katalon.core.main.ScriptEngine.run(ScriptEngine.java:194)&#xD;
	at com.kms.katalon.core.main.ScriptEngine.runScriptAsRawText(ScriptEngine.java:119)&#xD;
	at com.kms.katalon.core.main.TestCaseExecutor.runScript(TestCaseExecutor.java:337)&#xD;
	at com.kms.katalon.core.main.TestCaseExecutor.doExecute(TestCaseExecutor.java:328)&#xD;
	at com.kms.katalon.core.main.TestCaseExecutor.processExecutionPhase(TestCaseExecutor.java:307)&#xD;
	at com.kms.katalon.core.main.TestCaseExecutor.accessMainPhase(TestCaseExecutor.java:299)&#xD;
	at com.kms.katalon.core.main.TestCaseExecutor.execute(TestCaseExecutor.java:233)&#xD;
	at com.kms.katalon.core.main.TestSuiteExecutor.accessTestCaseMainPhase(TestSuiteExecutor.java:150)&#xD;
	at com.kms.katalon.core.main.TestSuiteExecutor.accessTestSuiteMainPhase(TestSuiteExecutor.java:123)&#xD;
	at com.kms.katalon.core.main.TestSuiteExecutor.execute(TestSuiteExecutor.java:87)&#xD;
	at com.kms.katalon.core.main.TestCaseMain.startTestSuite(TestCaseMain.java:157)&#xD;
	at com.kms.katalon.core.main.TestCaseMain$startTestSuite$0.call(Unknown Source)&#xD;
	at TempTestSuite1570473073079.run(TempTestSuite1570473073079.groovy:35)</system-err>
        </testcase>
        <system-out>2019-10-07 13:31:16 - [TEST_SUITE][INCOMPLETE] - CargarDocumentosMenor: null</system-out>
        <system-err>2019-10-07 13:31:16 - [TEST_SUITE][INCOMPLETE] - CargarDocumentosMenor: null</system-err>
    </testsuite>
</testsuites>
