<?xml version="1.0" encoding="UTF-8" standalone="yes"?>
<testsuites name="IngresarDireccionNueva" time="423" tests="6" failures="0" errors="1">
    <testsuite name="IngresarDireccionNueva" tests="6" failures="0" errors="1" time="423" timestamp="2019-10-09 16:34:39" hostname="Dzapatal - p-dzapatal.intergrupo.com" id="Test Suites/Modulo2_Solicitar servicio/IngresarDireccionNueva">
        <properties>
            <property name="deviceName" value=""/>
            <property name="devicePlatform" value=""/>
            <property name="logFolder" value="C:\\Users\\dzapatal\\git\\PortalClientes_Web\\Reports\\20191009_163437\\Modulo2_Solicitar servicio\\IngresarDireccionNueva\\20191009_163437"/>
            <property name="logFiles" value="C:\\Users\\dzapatal\\git\\PortalClientes_Web\\Reports\\20191009_163437\\Modulo2_Solicitar servicio\\IngresarDireccionNueva\\20191009_163437\\execution0.log"/>
            <property name="attachments" value=""/>
            <property name="hostName" value="Dzapatal - p-dzapatal.intergrupo.com"/>
            <property name="os" value="Windows 10 32bit"/>
            <property name="katalonVersion" value="6.3.0.1"/>
            <property name="browser" value="Chrome 77.0.3865.90"/>
            <property name="hostAddress" value="10.60.7.157"/>
            <property name="sessionId" value="103128793e23e9f9a110e2f8ec5400f1"/>
            <property name="seleniumVersion" value="3.141.59"/>
            <property name="proxyInformation" value="ProxyInformation{proxyOption=NO_PROXY, proxyServerType=HTTP, password=, proxyServerAddress=, proxyServerPort=0}"/>
            <property name="platform" value="Windows 10"/>
        </properties>
        <testcase name="Test Cases/Abrir Navegador/AbrirNavegador" classname="Test Cases/Abrir Navegador/AbrirNavegador" status="PASSED">
            <system-out>2019-10-09 16:34:39 - [TEST_CASE][PASSED] - Test Cases/Abrir Navegador/AbrirNavegador: Test Cases/Abrir Navegador/AbrirNavegador&#xD;
&#xD;
2019-10-09 16:34:40 - [TEST_STEP][PASSED] - openBrowser(""): Browser is opened with url: ''&#xD;
&#xD;
2019-10-09 16:34:40 - [MESSAGE][INFO] - Starting 'Chrome' driver&#xD;
&#xD;
2019-10-09 16:34:40 - [MESSAGE][INFO] - Action delay is set to 1 seconds&#xD;
&#xD;
2019-10-09 16:34:46 - [MESSAGE][PASSED] - Browser is opened with url: ''&#xD;
&#xD;
2019-10-09 16:34:46 - [TEST_STEP][PASSED] - navigateToUrl("https://test-portalclientesyventas-co.azurewebsites.net/login"): Navigate to 'https://test-portalclientesyventas-co.azurewebsites.net/login' successfully&#xD;
&#xD;
2019-10-09 16:34:54 - [MESSAGE][PASSED] - Navigate to 'https://test-portalclientesyventas-co.azurewebsites.net/login' successfully</system-out>
            <system-err></system-err>
        </testcase>
        <testcase name="Test Cases/Iniciar Sesion/IngresarInformacion" classname="Test Cases/Iniciar Sesion/IngresarInformacion" status="PASSED">
            <system-out>2019-10-09 16:34:54 - [TEST_CASE][PASSED] - Test Cases/Iniciar Sesion/IngresarInformacion: Test Cases/Iniciar Sesion/IngresarInformacion&#xD;
&#xD;
2019-10-09 16:34:54 - [TEST_STEP][PASSED] - navigateToUrl("https://test-portalclientesyventas-co.azurewebsites.net/login"): Navigate to 'https://test-portalclientesyventas-co.azurewebsites.net/login' successfully&#xD;
&#xD;
2019-10-09 16:34:56 - [MESSAGE][PASSED] - Navigate to 'https://test-portalclientesyventas-co.azurewebsites.net/login' successfully&#xD;
&#xD;
2019-10-09 16:34:56 - [TEST_STEP][PASSED] - setText(findTestObject("Object Repository/IniciarSesion/input_Correo electrnico_email"), "usuarioprueba1@yopmail.com"): Text 'usuarioprueba1@yopmail.com' is set on object 'Object Repository/IniciarSesion/input_Correo electrnico_email'&#xD;
&#xD;
2019-10-09 16:34:59 - [MESSAGE][PASSED] - Text 'usuarioprueba1@yopmail.com' is set on object 'Object Repository/IniciarSesion/input_Correo electrnico_email'&#xD;
&#xD;
2019-10-09 16:34:59 - [TEST_STEP][PASSED] - setEncryptedText(findTestObject("Object Repository/IniciarSesion/input_Contrasea_password"), "zpitzbFj1P6iY2h+x2z5qA=="): Text ****** has been set on object 'Object Repository/IniciarSesion/input_Contrasea_password'&#xD;
&#xD;
2019-10-09 16:35:03 - [MESSAGE][PASSED] - Text ****** has been set on object 'Object Repository/IniciarSesion/input_Contrasea_password'</system-out>
            <system-err></system-err>
        </testcase>
        <testcase name="Test Cases/Iniciar Sesion/SeleccionarBoton_Ingresar" classname="Test Cases/Iniciar Sesion/SeleccionarBoton_Ingresar" status="PASSED">
            <system-out>2019-10-09 16:35:03 - [TEST_CASE][PASSED] - Test Cases/Iniciar Sesion/SeleccionarBoton_Ingresar: Test Cases/Iniciar Sesion/SeleccionarBoton_Ingresar&#xD;
&#xD;
2019-10-09 16:35:03 - [TEST_STEP][PASSED] - click(findTestObject("IniciarSesion/button_INGRESAR")): Object: 'Object Repository/IniciarSesion/button_INGRESAR' is clicked on&#xD;
&#xD;
2019-10-09 16:35:05 - [MESSAGE][PASSED] - Object: 'Object Repository/IniciarSesion/button_INGRESAR' is clicked on&#xD;
&#xD;
2019-10-09 16:35:05 - [TEST_STEP][PASSED] - delay(10): Delayed 10 second(s)&#xD;
&#xD;
2019-10-09 16:35:15 - [MESSAGE][PASSED] - Delayed 10 second(s)</system-out>
            <system-err></system-err>
        </testcase>
        <testcase name="Test Cases/Solicitar Servicio/SeleccionarOpcionSolicitarServicio" classname="Test Cases/Solicitar Servicio/SeleccionarOpcionSolicitarServicio" status="PASSED">
            <system-out>2019-10-09 16:35:15 - [TEST_CASE][PASSED] - Test Cases/Solicitar Servicio/SeleccionarOpcionSolicitarServicio: Test Cases/Solicitar Servicio/SeleccionarOpcionSolicitarServicio&#xD;
&#xD;
2019-10-09 16:35:16 - [TEST_STEP][PASSED] - click(findTestObject("Solicitar Servicio/a_Solicitar servicio")): Object: 'Object Repository/Solicitar Servicio/a_Solicitar servicio' is clicked on&#xD;
&#xD;
2019-10-09 16:35:18 - [MESSAGE][PASSED] - Object: 'Object Repository/Solicitar Servicio/a_Solicitar servicio' is clicked on</system-out>
            <system-err></system-err>
        </testcase>
        <testcase name="Test Cases/Solicitar Servicio/SeleccionarPaciente" classname="Test Cases/Solicitar Servicio/SeleccionarPaciente" status="PASSED">
            <system-out>2019-10-09 16:35:18 - [TEST_CASE][PASSED] - Test Cases/Solicitar Servicio/SeleccionarPaciente: Test Cases/Solicitar Servicio/SeleccionarPaciente&#xD;
&#xD;
2019-10-09 16:35:18 - [TEST_STEP][PASSED] - selectOptionByValue(findTestObject("Object Repository/Solicitar Servicio/SeleccionarPaciente"), "21371502", true): All options with value '21371502' are selected in object 'Object Repository/Solicitar Servicio/SeleccionarPaciente'  using regular expression&#xD;
&#xD;
2019-10-09 16:35:47 - [MESSAGE][PASSED] - All options with value '21371502' are selected in object 'Object Repository/Solicitar Servicio/SeleccionarPaciente'  using regular expression</system-out>
            <system-err></system-err>
        </testcase>
        <testcase name="Test Cases/Solicitar Servicio/SeleccionarOpcionDireccionNueva" classname="Test Cases/Solicitar Servicio/SeleccionarOpcionDireccionNueva" status="PASSED">
            <system-out>2019-10-09 16:35:47 - [TEST_CASE][PASSED] - Test Cases/Solicitar Servicio/SeleccionarOpcionDireccionNueva: Test Cases/Solicitar Servicio/SeleccionarOpcionDireccionNueva&#xD;
&#xD;
2019-10-09 16:35:47 - [TEST_STEP][PASSED] - click(findTestObject("Object Repository/Solicitar Servicio/button_Agregar direccin")): Object: 'Object Repository/Solicitar Servicio/button_Agregar direccin' is clicked on&#xD;
&#xD;
2019-10-09 16:35:50 - [MESSAGE][PASSED] - Object: 'Object Repository/Solicitar Servicio/button_Agregar direccin' is clicked on</system-out>
            <system-err></system-err>
        </testcase>
        <testcase name="Test Cases/Solicitar Servicio/IngresarNuevaDireccion" classname="Test Cases/Solicitar Servicio/IngresarNuevaDireccion" status="ERROR">
            <error type="ERROR" message="Test Cases/Solicitar Servicio/IngresarNuevaDireccion FAILED.&#xA;Reason:&#xA;groovy.lang.MissingMethodException: No signature of method: static com.kms.katalon.core.webui.keyword.WebUiBuiltInKeywords.Delay() is applicable for argument types: (java.lang.Integer) values: [5]&#xA;Possible solutions: delay(java.lang.Object), delay(java.lang.Object, com.kms.katalon.core.model.FailureHandling), every(), any(), getAt(java.lang.String), sleep(long)&#xD;&#xA;&#x9;at IngresarNuevaDireccion.run(IngresarNuevaDireccion:39)&#xD;&#xA;&#x9;at com.kms.katalon.core.main.ScriptEngine.run(ScriptEngine.java:194)&#xD;&#xA;&#x9;at com.kms.katalon.core.main.ScriptEngine.runScriptAsRawText(ScriptEngine.java:119)&#xD;&#xA;&#x9;at com.kms.katalon.core.main.TestCaseExecutor.runScript(TestCaseExecutor.java:337)&#xD;&#xA;&#x9;at com.kms.katalon.core.main.TestCaseExecutor.doExecute(TestCaseExecutor.java:328)&#xD;&#xA;&#x9;at com.kms.katalon.core.main.TestCaseExecutor.processExecutionPhase(TestCaseExecutor.java:307)&#xD;&#xA;&#x9;at com.kms.katalon.core.main.TestCaseExecutor.accessMainPhase(TestCaseExecutor.java:299)&#xD;&#xA;&#x9;at com.kms.katalon.core.main.TestCaseExecutor.execute(TestCaseExecutor.java:233)&#xD;&#xA;&#x9;at com.kms.katalon.core.main.TestSuiteExecutor.accessTestCaseMainPhase(TestSuiteExecutor.java:150)&#xD;&#xA;&#x9;at com.kms.katalon.core.main.TestSuiteExecutor.accessTestSuiteMainPhase(TestSuiteExecutor.java:123)&#xD;&#xA;&#x9;at com.kms.katalon.core.main.TestSuiteExecutor.execute(TestSuiteExecutor.java:87)&#xD;&#xA;&#x9;at com.kms.katalon.core.main.TestCaseMain.startTestSuite(TestCaseMain.java:157)&#xD;&#xA;&#x9;at com.kms.katalon.core.main.TestCaseMain$startTestSuite$0.call(Unknown Source)&#xD;&#xA;&#x9;at TempTestSuite1570656877113.run(TempTestSuite1570656877113.groovy:35)&#xD;&#xA;"/>
            <system-out>2019-10-09 16:35:50 - [TEST_CASE][ERROR] - Test Cases/Solicitar Servicio/IngresarNuevaDireccion: Test Cases/Solicitar Servicio/IngresarNuevaDireccion FAILED.
Reason:
groovy.lang.MissingMethodException: No signature of method: static com.kms.katalon.core.webui.keyword.WebUiBuiltInKeywords.Delay() is applicable for argument types: (java.lang.Integer) values: [5]
Possible solutions: delay(java.lang.Object), delay(java.lang.Object, com.kms.katalon.core.model.FailureHandling), every(), any(), getAt(java.lang.String), sleep(long)&#xD;
	at IngresarNuevaDireccion.run(IngresarNuevaDireccion:39)&#xD;
	at com.kms.katalon.core.main.ScriptEngine.run(ScriptEngine.java:194)&#xD;
	at com.kms.katalon.core.main.ScriptEngine.runScriptAsRawText(ScriptEngine.java:119)&#xD;
	at com.kms.katalon.core.main.TestCaseExecutor.runScript(TestCaseExecutor.java:337)&#xD;
	at com.kms.katalon.core.main.TestCaseExecutor.doExecute(TestCaseExecutor.java:328)&#xD;
	at com.kms.katalon.core.main.TestCaseExecutor.processExecutionPhase(TestCaseExecutor.java:307)&#xD;
	at com.kms.katalon.core.main.TestCaseExecutor.accessMainPhase(TestCaseExecutor.java:299)&#xD;
	at com.kms.katalon.core.main.TestCaseExecutor.execute(TestCaseExecutor.java:233)&#xD;
	at com.kms.katalon.core.main.TestSuiteExecutor.accessTestCaseMainPhase(TestSuiteExecutor.java:150)&#xD;
	at com.kms.katalon.core.main.TestSuiteExecutor.accessTestSuiteMainPhase(TestSuiteExecutor.java:123)&#xD;
	at com.kms.katalon.core.main.TestSuiteExecutor.execute(TestSuiteExecutor.java:87)&#xD;
	at com.kms.katalon.core.main.TestCaseMain.startTestSuite(TestCaseMain.java:157)&#xD;
	at com.kms.katalon.core.main.TestCaseMain$startTestSuite$0.call(Unknown Source)&#xD;
	at TempTestSuite1570656877113.run(TempTestSuite1570656877113.groovy:35)&#xD;
&#xD;
&#xD;
2019-10-09 16:35:50 - [TEST_STEP][PASSED] - selectOptionByValue(findTestObject("Object Repository/Solicitar Servicio/SeleccionarPais"), "1", true): All options with value '1' are selected in object 'Object Repository/Solicitar Servicio/SeleccionarPais'  using regular expression&#xD;
&#xD;
2019-10-09 16:36:05 - [MESSAGE][PASSED] - All options with value '1' are selected in object 'Object Repository/Solicitar Servicio/SeleccionarPais'  using regular expression&#xD;
&#xD;
2019-10-09 16:36:05 - [TEST_STEP][PASSED] - selectOptionByValue(findTestObject("Object Repository/Solicitar Servicio/SeleccionarDepartamento"), "05", true): All options with value '05' are selected in object 'Object Repository/Solicitar Servicio/SeleccionarDepartamento'  using regular expression&#xD;
&#xD;
2019-10-09 16:36:26 - [MESSAGE][PASSED] - All options with value '05' are selected in object 'Object Repository/Solicitar Servicio/SeleccionarDepartamento'  using regular expression&#xD;
&#xD;
2019-10-09 16:36:26 - [TEST_STEP][PASSED] - selectOptionByValue(findTestObject("Object Repository/Solicitar Servicio/SeleccionarCiudad"), "05001", true): All options with value '05001' are selected in object 'Object Repository/Solicitar Servicio/SeleccionarCiudad'  using regular expression&#xD;
&#xD;
2019-10-09 16:36:56 - [MESSAGE][PASSED] - All options with value '05001' are selected in object 'Object Repository/Solicitar Servicio/SeleccionarCiudad'  using regular expression&#xD;
&#xD;
2019-10-09 16:36:56 - [TEST_STEP][PASSED] - selectOptionByValue(findTestObject("Object Repository/Solicitar Servicio/SeleccionarBarrio"), "0110", true): All options with value '0110' are selected in object 'Object Repository/Solicitar Servicio/SeleccionarBarrio'  using regular expression&#xD;
&#xD;
2019-10-09 16:40:39 - [MESSAGE][PASSED] - All options with value '0110' are selected in object 'Object Repository/Solicitar Servicio/SeleccionarBarrio'  using regular expression&#xD;
&#xD;
2019-10-09 16:40:39 - [TEST_STEP][PASSED] - selectOptionByValue(findTestObject("Object Repository/Solicitar Servicio/SeleccionarTipoCalle"), "CL", true): All options with value 'CL' are selected in object 'Object Repository/Solicitar Servicio/SeleccionarTipoCalle'  using regular expression&#xD;
&#xD;
2019-10-09 16:41:23 - [MESSAGE][PASSED] - All options with value 'CL' are selected in object 'Object Repository/Solicitar Servicio/SeleccionarTipoCalle'  using regular expression&#xD;
&#xD;
2019-10-09 16:41:23 - [TEST_STEP][PASSED] - setText(findTestObject("Object Repository/Solicitar Servicio/input_Campo1"), "30"): Text '30' is set on object 'Object Repository/Solicitar Servicio/input_Campo1'&#xD;
&#xD;
2019-10-09 16:41:27 - [MESSAGE][PASSED] - Text '30' is set on object 'Object Repository/Solicitar Servicio/input_Campo1'&#xD;
&#xD;
2019-10-09 16:41:27 - [TEST_STEP][PASSED] - setText(findTestObject("Object Repository/Solicitar Servicio/input__Campo2"), "30"): Text '30' is set on object 'Object Repository/Solicitar Servicio/input__Campo2'&#xD;
&#xD;
2019-10-09 16:41:30 - [MESSAGE][PASSED] - Text '30' is set on object 'Object Repository/Solicitar Servicio/input__Campo2'&#xD;
&#xD;
2019-10-09 16:41:30 - [TEST_STEP][PASSED] - setText(findTestObject("Object Repository/Solicitar Servicio/input_Campo3"), "30"): Text '30' is set on object 'Object Repository/Solicitar Servicio/input_Campo3'&#xD;
&#xD;
2019-10-09 16:41:34 - [MESSAGE][PASSED] - Text '30' is set on object 'Object Repository/Solicitar Servicio/input_Campo3'&#xD;
&#xD;
2019-10-09 16:41:34 - [TEST_STEP][PASSED] - setText(findTestObject("Object Repository/Solicitar Servicio/input_Apartamento"), "9001"): Text '9001' is set on object 'Object Repository/Solicitar Servicio/input_Apartamento'&#xD;
&#xD;
2019-10-09 16:41:37 - [MESSAGE][PASSED] - Text '9001' is set on object 'Object Repository/Solicitar Servicio/input_Apartamento'&#xD;
&#xD;
2019-10-09 16:41:37 - [TEST_STEP][PASSED] - setText(findTestObject("Object Repository/Solicitar Servicio/input_Detalles"), "dirección prueba"): Text 'dirección prueba' is set on object 'Object Repository/Solicitar Servicio/input_Detalles'&#xD;
&#xD;
2019-10-09 16:41:40 - [MESSAGE][PASSED] - Text 'dirección prueba' is set on object 'Object Repository/Solicitar Servicio/input_Detalles'&#xD;
&#xD;
2019-10-09 16:41:40 - [TEST_STEP][PASSED] - click(findTestObject("Object Repository/Solicitar Servicio/button_Guardar")): Object: 'Object Repository/Solicitar Servicio/button_Guardar' is clicked on&#xD;
&#xD;
2019-10-09 16:41:43 - [MESSAGE][PASSED] - Object: 'Object Repository/Solicitar Servicio/button_Guardar' is clicked on&#xD;
&#xD;
2019-10-09 16:41:43 - [TEST_STEP][PASSED] - Delay(5): null</system-out>
            <system-err>2019-10-09 16:35:50 - [TEST_CASE][ERROR] - Test Cases/Solicitar Servicio/IngresarNuevaDireccion: Test Cases/Solicitar Servicio/IngresarNuevaDireccion FAILED.
Reason:
groovy.lang.MissingMethodException: No signature of method: static com.kms.katalon.core.webui.keyword.WebUiBuiltInKeywords.Delay() is applicable for argument types: (java.lang.Integer) values: [5]
Possible solutions: delay(java.lang.Object), delay(java.lang.Object, com.kms.katalon.core.model.FailureHandling), every(), any(), getAt(java.lang.String), sleep(long)&#xD;
	at IngresarNuevaDireccion.run(IngresarNuevaDireccion:39)&#xD;
	at com.kms.katalon.core.main.ScriptEngine.run(ScriptEngine.java:194)&#xD;
	at com.kms.katalon.core.main.ScriptEngine.runScriptAsRawText(ScriptEngine.java:119)&#xD;
	at com.kms.katalon.core.main.TestCaseExecutor.runScript(TestCaseExecutor.java:337)&#xD;
	at com.kms.katalon.core.main.TestCaseExecutor.doExecute(TestCaseExecutor.java:328)&#xD;
	at com.kms.katalon.core.main.TestCaseExecutor.processExecutionPhase(TestCaseExecutor.java:307)&#xD;
	at com.kms.katalon.core.main.TestCaseExecutor.accessMainPhase(TestCaseExecutor.java:299)&#xD;
	at com.kms.katalon.core.main.TestCaseExecutor.execute(TestCaseExecutor.java:233)&#xD;
	at com.kms.katalon.core.main.TestSuiteExecutor.accessTestCaseMainPhase(TestSuiteExecutor.java:150)&#xD;
	at com.kms.katalon.core.main.TestSuiteExecutor.accessTestSuiteMainPhase(TestSuiteExecutor.java:123)&#xD;
	at com.kms.katalon.core.main.TestSuiteExecutor.execute(TestSuiteExecutor.java:87)&#xD;
	at com.kms.katalon.core.main.TestCaseMain.startTestSuite(TestCaseMain.java:157)&#xD;
	at com.kms.katalon.core.main.TestCaseMain$startTestSuite$0.call(Unknown Source)&#xD;
	at TempTestSuite1570656877113.run(TempTestSuite1570656877113.groovy:35)</system-err>
        </testcase>
        <system-out>2019-10-09 16:34:39 - [TEST_SUITE][INCOMPLETE] - IngresarDireccionNueva: null</system-out>
        <system-err>2019-10-09 16:34:39 - [TEST_SUITE][INCOMPLETE] - IngresarDireccionNueva: null</system-err>
    </testsuite>
</testsuites>
