<?xml version="1.0" encoding="UTF-8" standalone="yes"?>
<testsuites name="CargarDocumentosMenor" time="149" tests="7" failures="0" errors="0">
    <testsuite name="CargarDocumentosMenor" tests="7" failures="0" errors="0" time="149" timestamp="2019-10-07 16:32:49" hostname="Ltoroc - P-Ltoroc.intergrupo.com" id="Test Suites/FlujoCompleto_Modulo5_RegistrarMenor/CargarDocumentosMenor">
        <properties>
            <property name="deviceName" value=""/>
            <property name="devicePlatform" value=""/>
            <property name="logFolder" value="E:\\TORO\\INTERGRUPO\\AUTOMATIZACION_PROYECTOS\\PROYECTOS\\EMI\\PortalClientes_Web\\Reports\\20191007_163241\\FlujoCompleto_Modulo5_RegistrarMenor\\CargarDocumentosMenor\\20191007_163241"/>
            <property name="logFiles" value="E:\\TORO\\INTERGRUPO\\AUTOMATIZACION_PROYECTOS\\PROYECTOS\\EMI\\PortalClientes_Web\\Reports\\20191007_163241\\FlujoCompleto_Modulo5_RegistrarMenor\\CargarDocumentosMenor\\20191007_163241\\execution0.log"/>
            <property name="attachments" value="E:\\TORO\\INTERGRUPO\\AUTOMATIZACION_PROYECTOS\\PROYECTOS\\EMI\\PortalClientes_Web\\Reports\\20191007_163241\\FlujoCompleto_Modulo5_RegistrarMenor\\CargarDocumentosMenor\\20191007_163241\\1570484098973.png"/>
            <property name="hostName" value="Ltoroc - P-Ltoroc.intergrupo.com"/>
            <property name="os" value="Windows 10 32bit"/>
            <property name="katalonVersion" value="6.3.0.1"/>
            <property name="browser" value="Chrome 77.0.3865.90"/>
            <property name="hostAddress" value="192.168.0.14"/>
            <property name="sessionId" value="650b0c27230353548789d3847fa30b83"/>
            <property name="seleniumVersion" value="3.141.59"/>
            <property name="proxyInformation" value="ProxyInformation{proxyOption=NO_PROXY, proxyServerType=HTTP, password=, proxyServerAddress=, proxyServerPort=0}"/>
            <property name="platform" value="Windows 10"/>
        </properties>
        <testcase name="Test Cases/Abrir Navegador/AbrirNavegador" classname="Test Cases/Abrir Navegador/AbrirNavegador" status="PASSED">
            <system-out>2019-10-07 16:32:49 - [TEST_CASE][PASSED] - Test Cases/Abrir Navegador/AbrirNavegador: Test Cases/Abrir Navegador/AbrirNavegador&#xD;
&#xD;
2019-10-07 16:32:50 - [TEST_STEP][PASSED] - openBrowser(""): Browser is opened with url: ''&#xD;
&#xD;
2019-10-07 16:32:50 - [MESSAGE][INFO] - Starting 'Chrome' driver&#xD;
&#xD;
2019-10-07 16:32:50 - [MESSAGE][INFO] - Action delay is set to 1 seconds&#xD;
&#xD;
2019-10-07 16:32:57 - [MESSAGE][PASSED] - Browser is opened with url: ''&#xD;
&#xD;
2019-10-07 16:32:57 - [TEST_STEP][PASSED] - navigateToUrl("https://test-portalclientesyventas-co.azurewebsites.net/login"): Navigate to 'https://test-portalclientesyventas-co.azurewebsites.net/login' successfully&#xD;
&#xD;
2019-10-07 16:33:02 - [MESSAGE][PASSED] - Navigate to 'https://test-portalclientesyventas-co.azurewebsites.net/login' successfully</system-out>
            <system-err></system-err>
        </testcase>
        <testcase name="Test Cases/Iniciar Sesion/IngresarInformacion" classname="Test Cases/Iniciar Sesion/IngresarInformacion" status="PASSED">
            <system-out>2019-10-07 16:33:02 - [TEST_CASE][PASSED] - Test Cases/Iniciar Sesion/IngresarInformacion: Test Cases/Iniciar Sesion/IngresarInformacion&#xD;
&#xD;
2019-10-07 16:33:03 - [TEST_STEP][PASSED] - navigateToUrl("https://test-portalclientesyventas-co.azurewebsites.net/login"): Navigate to 'https://test-portalclientesyventas-co.azurewebsites.net/login' successfully&#xD;
&#xD;
2019-10-07 16:33:04 - [MESSAGE][PASSED] - Navigate to 'https://test-portalclientesyventas-co.azurewebsites.net/login' successfully&#xD;
&#xD;
2019-10-07 16:33:04 - [TEST_STEP][PASSED] - setText(findTestObject("Object Repository/IniciarSesion/input_Correo electrnico_email"), "usuarioprueba1@yopmail.com"): Text 'usuarioprueba1@yopmail.com' is set on object 'Object Repository/IniciarSesion/input_Correo electrnico_email'&#xD;
&#xD;
2019-10-07 16:33:08 - [MESSAGE][PASSED] - Text 'usuarioprueba1@yopmail.com' is set on object 'Object Repository/IniciarSesion/input_Correo electrnico_email'&#xD;
&#xD;
2019-10-07 16:33:08 - [TEST_STEP][PASSED] - setEncryptedText(findTestObject("Object Repository/IniciarSesion/input_Contrasea_password"), "zpitzbFj1P6iY2h+x2z5qA=="): Text ****** has been set on object 'Object Repository/IniciarSesion/input_Contrasea_password'&#xD;
&#xD;
2019-10-07 16:33:11 - [MESSAGE][PASSED] - Text ****** has been set on object 'Object Repository/IniciarSesion/input_Contrasea_password'</system-out>
            <system-err></system-err>
        </testcase>
        <testcase name="Test Cases/Iniciar Sesion/SeleccionarBoton_Ingresar" classname="Test Cases/Iniciar Sesion/SeleccionarBoton_Ingresar" status="PASSED">
            <system-out>2019-10-07 16:33:11 - [TEST_CASE][PASSED] - Test Cases/Iniciar Sesion/SeleccionarBoton_Ingresar: Test Cases/Iniciar Sesion/SeleccionarBoton_Ingresar&#xD;
&#xD;
2019-10-07 16:33:12 - [TEST_STEP][PASSED] - click(findTestObject("IniciarSesion/button_INGRESAR")): Object: 'Object Repository/IniciarSesion/button_INGRESAR' is clicked on&#xD;
&#xD;
2019-10-07 16:33:14 - [MESSAGE][PASSED] - Object: 'Object Repository/IniciarSesion/button_INGRESAR' is clicked on&#xD;
&#xD;
2019-10-07 16:33:14 - [TEST_STEP][NOT_RUN] - waitForElementClickable(findTestObject("IniciarSesion/button_INGRESAR"), 6000): NOT_RUN: waitForElementClickable(findTestObject("IniciarSesion/button_INGRESAR"), 6000)&#xD;
&#xD;
2019-10-07 16:33:14 - [MESSAGE][NOT_RUN] - NOT_RUN: waitForElementClickable(findTestObject("IniciarSesion/button_INGRESAR"), 6000)&#xD;
&#xD;
2019-10-07 16:33:14 - [TEST_STEP][PASSED] - delay(60): Delayed 60 second(s)&#xD;
&#xD;
2019-10-07 16:34:14 - [MESSAGE][PASSED] - Delayed 60 second(s)</system-out>
            <system-err></system-err>
        </testcase>
        <testcase name="Test Cases/Mi Cuenta/Registrar Menor/SeleccionarMenu_MiCuenta" classname="Test Cases/Mi Cuenta/Registrar Menor/SeleccionarMenu_MiCuenta" status="PASSED">
            <system-out>2019-10-07 16:34:14 - [TEST_CASE][PASSED] - Test Cases/Mi Cuenta/Registrar Menor/SeleccionarMenu_MiCuenta: Test Cases/Mi Cuenta/Registrar Menor/SeleccionarMenu_MiCuenta&#xD;
&#xD;
2019-10-07 16:34:14 - [TEST_STEP][PASSED] - click(findTestObject("Object Repository/Modulo Mi Cuenta/a_Mi cuenta")): Object: 'Object Repository/Modulo Mi Cuenta/a_Mi cuenta' is clicked on&#xD;
&#xD;
2019-10-07 16:34:17 - [MESSAGE][PASSED] - Object: 'Object Repository/Modulo Mi Cuenta/a_Mi cuenta' is clicked on&#xD;
&#xD;
2019-10-07 16:34:17 - [TEST_STEP][PASSED] - waitForElementClickable(findTestObject("Modulo Mi Cuenta/a_Mi cuenta"), 10): Web element with id: 'Object Repository/Modulo Mi Cuenta/a_Mi cuenta' located by 'By.xpath: id("conten1")/nav[@class="navbar navbar-default sidebar"]/div[1]/div[1]/ms-sidenav[1]/ul[@class="nav navbar-nav"]/ms-sidenav-item[@class="sidenav-item"]/li[@class="dropdown"]/a[@id="dropdown-items-menu"][count(. | //*[@href = '#' and @id = 'dropdown-items-menu' and (text() = '
    Mi cuenta
    
  ' or . = '
    Mi cuenta
    
  ')]) = count(//*[@href = '#' and @id = 'dropdown-items-menu' and (text() = '
    Mi cuenta
    
  ' or . = '
    Mi cuenta
    
  ')])]' not found&#xD;
&#xD;
2019-10-07 16:34:27 - [MESSAGE][INFO] - Unable to find the element located by 'By.xpath: id("conten1")/nav[@class="navbar navbar-default sidebar"]/div[1]/div[1]/ms-sidenav[1]/ul[@class="nav navbar-nav"]/ms-sidenav-item[@class="sidenav-item"]/li[@class="dropdown"]/a[@id="dropdown-items-menu"][count(. | //*[@href = '#' and @id = 'dropdown-items-menu' and (text() = '
    Mi cuenta
    
  ' or . = '
    Mi cuenta
    
  ')]) = count(//*[@href = '#' and @id = 'dropdown-items-menu' and (text() = '
    Mi cuenta
    
  ' or . = '
    Mi cuenta
    
  ')])]'. Please recheck the objects properties to make sure the desired element is located. &#xD;
&#xD;
2019-10-07 16:34:27 - [MESSAGE][WARNING] - Web element with id: 'Object Repository/Modulo Mi Cuenta/a_Mi cuenta' located by 'By.xpath: id("conten1")/nav[@class="navbar navbar-default sidebar"]/div[1]/div[1]/ms-sidenav[1]/ul[@class="nav navbar-nav"]/ms-sidenav-item[@class="sidenav-item"]/li[@class="dropdown"]/a[@id="dropdown-items-menu"][count(. | //*[@href = '#' and @id = 'dropdown-items-menu' and (text() = '
    Mi cuenta
    
  ' or . = '
    Mi cuenta
    
  ')]) = count(//*[@href = '#' and @id = 'dropdown-items-menu' and (text() = '
    Mi cuenta
    
  ' or . = '
    Mi cuenta
    
  ')])]' not found</system-out>
            <system-err></system-err>
        </testcase>
        <testcase name="Test Cases/Mi Cuenta/Registrar Menor/SeleccionarOpcion_Registrar Menor" classname="Test Cases/Mi Cuenta/Registrar Menor/SeleccionarOpcion_Registrar Menor" status="PASSED">
            <system-out>2019-10-07 16:34:28 - [TEST_CASE][PASSED] - Test Cases/Mi Cuenta/Registrar Menor/SeleccionarOpcion_Registrar Menor: Test Cases/Mi Cuenta/Registrar Menor/SeleccionarOpcion_Registrar Menor&#xD;
&#xD;
2019-10-07 16:34:28 - [TEST_STEP][PASSED] - click(findTestObject("Object Repository/Modulo Mi Cuenta/a_Registrar menor")): Object: 'Object Repository/Modulo Mi Cuenta/a_Registrar menor' is clicked on&#xD;
&#xD;
2019-10-07 16:34:30 - [MESSAGE][PASSED] - Object: 'Object Repository/Modulo Mi Cuenta/a_Registrar menor' is clicked on</system-out>
            <system-err></system-err>
        </testcase>
        <testcase name="Test Cases/Mi Cuenta/Registrar Menor/Solicitud Registro de Menor/SeleccionarMenor" classname="Test Cases/Mi Cuenta/Registrar Menor/Solicitud Registro de Menor/SeleccionarMenor" status="PASSED">
            <system-out>2019-10-07 16:34:30 - [TEST_CASE][PASSED] - Test Cases/Mi Cuenta/Registrar Menor/Solicitud Registro de Menor/SeleccionarMenor: Test Cases/Mi Cuenta/Registrar Menor/Solicitud Registro de Menor/SeleccionarMenor&#xD;
&#xD;
2019-10-07 16:34:31 - [TEST_STEP][PASSED] - selectOptionByValue(findTestObject("Object Repository/Registrar Menor/Solicitud Registro Menor/select_Selecciona un menor de edad                  Mathias Gaviria MorenoAaron Josue Valenzuela MontaoYury Lissette Espitia Villalba"), "1056133794", true): All options with value '1056133794' are selected in object 'Object Repository/Registrar Menor/Solicitud Registro Menor/select_Selecciona un menor de edad                  Mathias Gaviria MorenoAaron Josue Valenzuela MontaoYury Lissette Espitia Villalba'  using regular expression&#xD;
&#xD;
2019-10-07 16:34:56 - [MESSAGE][PASSED] - All options with value '1056133794' are selected in object 'Object Repository/Registrar Menor/Solicitud Registro Menor/select_Selecciona un menor de edad                  Mathias Gaviria MorenoAaron Josue Valenzuela MontaoYury Lissette Espitia Villalba'  using regular expression</system-out>
            <system-err></system-err>
        </testcase>
        <testcase name="Test Cases/Mi Cuenta/Registrar Menor/Solicitud Registro de Menor/CargarDocumentos" classname="Test Cases/Mi Cuenta/Registrar Menor/Solicitud Registro de Menor/CargarDocumentos" status="PASSED">
            <system-out>2019-10-07 16:34:56 - [TEST_CASE][PASSED] - Test Cases/Mi Cuenta/Registrar Menor/Solicitud Registro de Menor/CargarDocumentos: Test Cases/Mi Cuenta/Registrar Menor/Solicitud Registro de Menor/CargarDocumentos&#xD;
&#xD;
2019-10-07 16:34:56 - [TEST_STEP][PASSED] - path = getProjectDir() + "/Data Files/": null&#xD;
&#xD;
2019-10-07 16:34:56 - [TEST_STEP][PASSED] - path = path.replace("/", "\"): null&#xD;
&#xD;
2019-10-07 16:34:56 - [TEST_STEP][PASSED] - com.kms.katalon.keyword.uploadfile.UploadFile.uploadFileUsingRobot(findTestObject("Object Repository/Registrar Menor/Solicitud Registro Menor/div_() Documento de identidad del solicitante_divFileDocument"), path + Campo1_CargarDocumentos): com.kms.katalon.keyword.uploadfile.UploadFile.uploadFileUsingRobot is PASSED&#xD;
&#xD;
2019-10-07 16:35:00 - [MESSAGE][FAILED] - Unable to click on object 'Object Repository/Registrar Menor/Solicitud Registro Menor/div_() Documento de identidad del solicitante_divFileDocument' (Root cause: com.kms.katalon.core.exception.StepFailedException: Unable to click on object 'Object Repository/Registrar Menor/Solicitud Registro Menor/div_() Documento de identidad del solicitante_divFileDocument'&#xD;
	at com.kms.katalon.core.webui.keyword.internal.WebUIKeywordMain.stepFailed(WebUIKeywordMain.groovy:64)&#xD;
	at com.kms.katalon.core.webui.keyword.internal.WebUIKeywordMain.runKeyword(WebUIKeywordMain.groovy:26)&#xD;
	at com.kms.katalon.core.webui.keyword.builtin.ClickKeyword.click(ClickKeyword.groovy:86)&#xD;
	at com.kms.katalon.core.webui.keyword.builtin.ClickKeyword.execute(ClickKeyword.groovy:67)&#xD;
	at com.kms.katalon.core.keyword.internal.KeywordExecutor.executeKeywordForPlatform(KeywordExecutor.groovy:56)&#xD;
	at com.kms.katalon.core.webui.keyword.WebUiBuiltInKeywords.click(WebUiBuiltInKeywords.groovy:616)&#xD;
	at com.kms.katalon.keyword.uploadfile.UploadFile.uploadFileUsingRobot(UploadFile.groovy:49)&#xD;
	at com.kms.katalon.keyword.uploadfile.UploadFile.invokeMethod(UploadFile.groovy)&#xD;
	at com.kms.katalon.core.main.CustomKeywordDelegatingMetaClass.invokeStaticMethod(CustomKeywordDelegatingMetaClass.java:50)&#xD;
	at CargarDocumentos.run(CargarDocumentos:36)&#xD;
	at com.kms.katalon.core.main.ScriptEngine.run(ScriptEngine.java:194)&#xD;
	at com.kms.katalon.core.main.ScriptEngine.runScriptAsRawText(ScriptEngine.java:119)&#xD;
	at com.kms.katalon.core.main.TestCaseExecutor.runScript(TestCaseExecutor.java:337)&#xD;
	at com.kms.katalon.core.main.TestCaseExecutor.doExecute(TestCaseExecutor.java:328)&#xD;
	at com.kms.katalon.core.main.TestCaseExecutor.processExecutionPhase(TestCaseExecutor.java:307)&#xD;
	at com.kms.katalon.core.main.TestCaseExecutor.accessMainPhase(TestCaseExecutor.java:299)&#xD;
	at com.kms.katalon.core.main.TestCaseExecutor.execute(TestCaseExecutor.java:233)&#xD;
	at com.kms.katalon.core.main.TestSuiteExecutor.accessTestCaseMainPhase(TestSuiteExecutor.java:150)&#xD;
	at com.kms.katalon.core.main.TestSuiteExecutor.accessTestSuiteMainPhase(TestSuiteExecutor.java:123)&#xD;
	at com.kms.katalon.core.main.TestSuiteExecutor.execute(TestSuiteExecutor.java:87)&#xD;
	at com.kms.katalon.core.main.TestCaseMain.startTestSuite(TestCaseMain.java:157)&#xD;
	at com.kms.katalon.core.main.TestCaseMain$startTestSuite$0.call(Unknown Source)&#xD;
	at TempTestSuite1570483966096.run(TempTestSuite1570483966096.groovy:35)&#xD;
Caused by: org.openqa.selenium.ElementClickInterceptedException: element click intercepted: Element &lt;div _ngcontent-c7="" class="inner-addon right-addon" id="divFileDocument"&gt;...&lt;/div&gt; is not clickable at point (312, 534). Other element would receive the click: &lt;div _ngcontent-c3="" class="row"&gt;...&lt;/div&gt;
  (Session info: chrome=77.0.3865.90)
Build info: version: '3.141.59', revision: 'e82be7d358', time: '2018-11-14T08:25:53'
System info: host: 'P-LTOROC', ip: '192.168.0.14', os.name: 'Windows 10', os.arch: 'x86', os.version: '10.0', java.version: '1.8.0_181'
Driver info: com.kms.katalon.selenium.driver.CChromeDriver
Capabilities {acceptInsecureCerts: false, browserName: chrome, browserVersion: 77.0.3865.90, chrome: {chromedriverVersion: 76.0.3809.68 (420c9498db8ce..., userDataDir: C:\Users\Ltoroc\AppData\Loc...}, goog:chromeOptions: {debuggerAddress: localhost:14999}, javascriptEnabled: true, networkConnectionEnabled: false, pageLoadStrategy: normal, platform: XP, platformName: XP, proxy: Proxy(), setWindowRect: true, strictFileInteractability: false, timeouts: {implicit: 0, pageLoad: 300000, script: 30000}, unhandledPromptBehavior: dismiss and notify}
Session ID: 650b0c27230353548789d3847fa30b83&#xD;
	at org.openqa.selenium.remote.http.W3CHttpResponseCodec.createException(W3CHttpResponseCodec.java:187)&#xD;
	at org.openqa.selenium.remote.http.W3CHttpResponseCodec.decode(W3CHttpResponseCodec.java:122)&#xD;
	at org.openqa.selenium.remote.http.W3CHttpResponseCodec.decode(W3CHttpResponseCodec.java:49)&#xD;
	at org.openqa.selenium.remote.HttpCommandExecutor.execute(HttpCommandExecutor.java:158)&#xD;
	at org.openqa.selenium.remote.service.DriverCommandExecutor.execute(DriverCommandExecutor.java:83)&#xD;
	at org.openqa.selenium.remote.RemoteWebDriver.execute(RemoteWebDriver.java:552)&#xD;
	at com.kms.katalon.selenium.driver.CChromeDriver.execute(CChromeDriver.java:20)&#xD;
	at org.openqa.selenium.remote.RemoteWebElement.execute(RemoteWebElement.java:285)&#xD;
	at org.openqa.selenium.remote.RemoteWebElement.click(RemoteWebElement.java:84)&#xD;
	at com.kms.katalon.core.webui.keyword.builtin.ClickKeyword$_click_closure1.doCall(ClickKeyword.groovy:79)&#xD;
	at com.kms.katalon.core.webui.keyword.builtin.ClickKeyword$_click_closure1.call(ClickKeyword.groovy)&#xD;
	at com.kms.katalon.core.webui.keyword.internal.WebUIKeywordMain.runKeyword(WebUIKeywordMain.groovy:20)&#xD;
	at com.kms.katalon.core.webui.keyword.builtin.ClickKeyword.click(ClickKeyword.groovy:86)&#xD;
	at com.kms.katalon.core.webui.keyword.builtin.ClickKeyword.execute(ClickKeyword.groovy:67)&#xD;
	at com.kms.katalon.core.keyword.internal.KeywordExecutor.executeKeywordForPlatform(KeywordExecutor.groovy:56)&#xD;
	at com.kms.katalon.core.webui.keyword.WebUiBuiltInKeywords.click(WebUiBuiltInKeywords.groovy:616)&#xD;
	at com.kms.katalon.keyword.uploadfile.UploadFile.uploadFileUsingRobot(UploadFile.groovy:49)&#xD;
	at com.kms.katalon.keyword.uploadfile.UploadFile.invokeMethod(UploadFile.groovy)&#xD;
	at com.kms.katalon.core.main.CustomKeywordDelegatingMetaClass.invokeStaticMethod(CustomKeywordDelegatingMetaClass.java:50)&#xD;
	at Script1570465923798.run(Script1570465923798.groovy:36)&#xD;
	... 13 more&#xD;
)&#xD;
[[ATTACHMENT|E:\\TORO\\INTERGRUPO\\AUTOMATIZACION_PROYECTOS\\PROYECTOS\\EMI\\PortalClientes_Web\\Reports\\20191007_163241\\FlujoCompleto_Modulo5_RegistrarMenor\\CargarDocumentosMenor\\20191007_163241\\1570484098973.png]]&#xD;
&#xD;
2019-10-07 16:35:08 - [MESSAGE][PASSED] - com.kms.katalon.keyword.uploadfile.UploadFile.uploadFileUsingRobot is PASSED&#xD;
&#xD;
2019-10-07 16:35:08 - [TEST_STEP][PASSED] - com.kms.katalon.keyword.uploadfile.UploadFile.uploadFileUsingRobot(findTestObject("Object Repository/Registrar Menor/Solicitud Registro Menor/div_() Registro civil del menor de edad_divFileRegister"), path + Campo2_CargarDocumentos): com.kms.katalon.keyword.uploadfile.UploadFile.uploadFileUsingRobot is PASSED&#xD;
&#xD;
2019-10-07 16:35:10 - [MESSAGE][PASSED] - Object: 'Object Repository/Registrar Menor/Solicitud Registro Menor/div_() Registro civil del menor de edad_divFileRegister' is clicked on&#xD;
&#xD;
2019-10-07 16:35:16 - [MESSAGE][PASSED] - com.kms.katalon.keyword.uploadfile.UploadFile.uploadFileUsingRobot is PASSED&#xD;
&#xD;
2019-10-07 16:35:16 - [TEST_STEP][PASSED] - click(findTestObject("Object Repository/Registrar Menor/Solicitud Registro Menor/button_Enviar")): Object: 'Object Repository/Registrar Menor/Solicitud Registro Menor/button_Enviar' is clicked on&#xD;
&#xD;
2019-10-07 16:35:19 - [MESSAGE][PASSED] - Object: 'Object Repository/Registrar Menor/Solicitud Registro Menor/button_Enviar' is clicked on</system-out>
            <system-err></system-err>
        </testcase>
        <system-out>2019-10-07 16:32:49 - [TEST_SUITE][INCOMPLETE] - CargarDocumentosMenor: null</system-out>
        <system-err>2019-10-07 16:32:49 - [TEST_SUITE][INCOMPLETE] - CargarDocumentosMenor: null</system-err>
    </testsuite>
</testsuites>
